This is pdfTeX, Version 3.14159265-2.6-1.40.21 (TeX Live 2020/Arch Linux) (preloaded format=pdflatex 2020.10.7)  7 NOV 2020 16:31
entering extended mode
 restricted \write18 enabled.
 file:line:error style messages enabled.
 %&-line parsing enabled.
**/home/nick/ECEC471/lab_3/report.tex
(/home/nick/ECEC471/lab_3/report.tex
LaTeX2e <2020-02-02> patch level 5
L3 programming layer <2020-06-03> (/usr/share/texmf-dist/tex/latex/base/article.cls
Document Class: article 2019/12/20 v1.4l Standard LaTeX document class
(/usr/share/texmf-dist/tex/latex/base/size12.clo
File: size12.clo 2019/12/20 v1.4l Standard LaTeX file (size option)
)
\c@part=\count167
\c@section=\count168
\c@subsection=\count169
\c@subsubsection=\count170
\c@paragraph=\count171
\c@subparagraph=\count172
\c@figure=\count173
\c@table=\count174
\abovecaptionskip=\skip47
\belowcaptionskip=\skip48
\bibindent=\dimen134
) (/usr/share/texmf-dist/tex/latex/listings/listings.sty (/usr/share/texmf-dist/tex/latex/graphics/keyval.sty
Package: keyval 2014/10/28 v1.15 key=value parser (DPC)
\KV@toks@=\toks15
)
\lst@mode=\count175
\lst@gtempboxa=\box45
\lst@token=\toks16
\lst@length=\count176
\lst@currlwidth=\dimen135
\lst@column=\count177
\lst@pos=\count178
\lst@lostspace=\dimen136
\lst@width=\dimen137
\lst@newlines=\count179
\lst@lineno=\count180
\lst@maxwidth=\dimen138
 (/usr/share/texmf-dist/tex/latex/listings/lstmisc.sty
File: lstmisc.sty 2020/03/24 1.8d (Carsten Heinz)
\c@lstnumber=\count181
\lst@skipnumbers=\count182
\lst@framebox=\box46
) (/usr/share/texmf-dist/tex/latex/listings/listings.cfg
File: listings.cfg 2020/03/24 1.8d listings configuration
))
Package: listings 2020/03/24 1.8d (Carsten Heinz)
 (/usr/share/texmf-dist/tex/latex/graphics/graphicx.sty
Package: graphicx 2019/11/30 v1.2a Enhanced LaTeX Graphics (DPC,SPQR)
 (/usr/share/texmf-dist/tex/latex/graphics/graphics.sty
Package: graphics 2019/11/30 v1.4a Standard LaTeX Graphics (DPC,SPQR)
 (/usr/share/texmf-dist/tex/latex/graphics/trig.sty
Package: trig 2016/01/03 v1.10 sin cos tan (DPC)
) (/usr/share/texmf-dist/tex/latex/graphics-cfg/graphics.cfg
File: graphics.cfg 2016/06/04 v1.11 sample graphics configuration
)
Package graphics Info: Driver file: pdftex.def on input line 105.
 (/usr/share/texmf-dist/tex/latex/graphics-def/pdftex.def
File: pdftex.def 2018/01/08 v1.0l Graphics/color driver for pdftex
))
\Gin@req@height=\dimen139
\Gin@req@width=\dimen140
) (/usr/share/texmf-dist/tex/latex/xcolor/xcolor.sty
Package: xcolor 2016/05/11 v2.12 LaTeX color extensions (UK)
 (/usr/share/texmf-dist/tex/latex/graphics-cfg/color.cfg
File: color.cfg 2016/01/02 v1.6 sample color configuration
)
Package xcolor Info: Driver file: pdftex.def on input line 225.
Package xcolor Info: Model `cmy' substituted by `cmy0' on input line 1348.
Package xcolor Info: Model `hsb' substituted by `rgb' on input line 1352.
Package xcolor Info: Model `RGB' extended on input line 1364.
Package xcolor Info: Model `HTML' substituted by `rgb' on input line 1366.
Package xcolor Info: Model `Hsb' substituted by `hsb' on input line 1367.
Package xcolor Info: Model `tHsb' substituted by `hsb' on input line 1368.
Package xcolor Info: Model `HSB' substituted by `hsb' on input line 1369.
Package xcolor Info: Model `Gray' substituted by `gray' on input line 1370.
Package xcolor Info: Model `wave' substituted by `hsb' on input line 1371.
) (/usr/share/texmf-dist/tex/latex/l3backend/l3backend-pdfmode.def
File: l3backend-pdfmode.def 2020-06-03 L3 backend support: PDF mode
\l__kernel_color_stack_int=\count183
\l__pdf_internal_box=\box47
) (/home/nick/ECEC471/lab_3/report.aux)
LaTeX Font Info:    Checking defaults for OML/cmm/m/it on input line 6.
LaTeX Font Info:    ... okay on input line 6.
LaTeX Font Info:    Checking defaults for OMS/cmsy/m/n on input line 6.
LaTeX Font Info:    ... okay on input line 6.
LaTeX Font Info:    Checking defaults for OT1/cmr/m/n on input line 6.
LaTeX Font Info:    ... okay on input line 6.
LaTeX Font Info:    Checking defaults for T1/cmr/m/n on input line 6.
LaTeX Font Info:    ... okay on input line 6.
LaTeX Font Info:    Checking defaults for TS1/cmr/m/n on input line 6.
LaTeX Font Info:    ... okay on input line 6.
LaTeX Font Info:    Checking defaults for OMX/cmex/m/n on input line 6.
LaTeX Font Info:    ... okay on input line 6.
LaTeX Font Info:    Checking defaults for U/cmr/m/n on input line 6.
LaTeX Font Info:    ... okay on input line 6.
\c@lstlisting=\count184
 (/usr/share/texmf-dist/tex/context/base/mkii/supp-pdf.mkii
[Loading MPS to PDF converter (version 2006.09.02).]
\scratchcounter=\count185
\scratchdimen=\dimen141
\scratchbox=\box48
\nofMPsegments=\count186
\nofMParguments=\count187
\everyMPshowfont=\toks17
\MPscratchCnt=\count188
\MPscratchDim=\dimen142
\MPnumerator=\count189
\makeMPintoPDFobject=\count190
\everyMPtoPDFconversion=\toks18
) (/usr/share/texmf-dist/tex/latex/epstopdf-pkg/epstopdf-base.sty
Package: epstopdf-base 2020-01-24 v2.11 Base part for package epstopdf
Package epstopdf-base Info: Redefining graphics rule for `.eps' on input line 485.
 (/usr/share/texmf-dist/tex/latex/latexconfig/epstopdf-sys.cfg
File: epstopdf-sys.cfg 2010/07/13 v1.3 Configuration of (r)epstopdf for TeX Live
))
LaTeX Font Info:    External font `cmex10' loaded for size
(Font)              <14.4> on input line 10.
LaTeX Font Info:    External font `cmex10' loaded for size
(Font)              <7> on input line 10.


LaTeX Warning: Reference `eq:p_inv' on page 1 undefined on input line 17.

LaTeX Font Info:    External font `cmex10' loaded for size
(Font)              <12> on input line 18.
LaTeX Font Info:    External font `cmex10' loaded for size
(Font)              <8> on input line 18.
LaTeX Font Info:    External font `cmex10' loaded for size
(Font)              <6> on input line 18.

LaTeX Warning: Reference `eq:num_stages' on page 1 undefined on input line 18.


LaTeX Warning: Reference `fig:inv_chain_schem' on page 1 undefined on input line 33.


LaTeX Warning: File `figures/inv_chain_schem.png' not found on input line 37.


/home/nick/ECEC471/lab_3/report.tex:37: Package pdftex.def Error: File `figures/inv_chain_schem.png' not found: using draft setting.

See the pdftex.def package documentation for explanation.
Type  H <return>  for immediate help.
 ...                                              
                                                  
l.37 ...cs[width=4in]{figures/inv_chain_schem.png}
                                                  
Try typing  <return>  to proceed.
If that doesn't work, type  X <return>  to quit.


LaTeX Warning: Reference `fig:nor_sim' on page 1 undefined on input line 40.

<figures/nor/nor_sim.png, id=1, 968.11688pt x 465.99094pt>
File: figures/nor/nor_sim.png Graphic file (type png)
<use figures/nor/nor_sim.png>
Package pdftex.def Info: figures/nor/nor_sim.png  used on input line 45.
(pdftex.def)             Requested size: 361.34999pt x 173.92847pt.

LaTeX Warning: Reference `fig:nor_tran' on page 1 undefined on input line 48.


LaTeX Warning: Reference `fig:nor_dc_asymm' on page 1 undefined on input line 48.

<figures/nor/nor_tran.png, id=3, 1427.3325pt x 617.30624pt>
File: figures/nor/nor_tran.png Graphic file (type png)
<use figures/nor/nor_tran.png>
Package pdftex.def Info: figures/nor/nor_tran.png  used on input line 53.
(pdftex.def)             Requested size: 361.34999pt x 156.27597pt.
<figures/nor/nor_dc_asymm.png, id=4, 1428.08531pt x 616.55344pt>
File: figures/nor/nor_dc_asymm.png Graphic file (type png)
<use figures/nor/nor_dc_asymm.png>
Package pdftex.def Info: figures/nor/nor_dc_asymm.png  used on input line 58.
(pdftex.def)             Requested size: 361.34999pt x 156.00073pt.

LaTeX Warning: Reference `fig:nor_param' on page 1 undefined on input line 61.

<figures/nor/nor_param.png, id=5, 1429.59094pt x 618.81187pt>
File: figures/nor/nor_param.png Graphic file (type png)
<use figures/nor/nor_param.png>
Package pdftex.def Info: figures/nor/nor_param.png  used on input line 65.
(pdftex.def)             Requested size: 361.34999pt x 156.41164pt.

LaTeX Warning: Reference `fig:nor_dc_symm' on page 1 undefined on input line 68.

<figures/nor/nor_dc_symm.png, id=6, 1424.32124pt x 618.81187pt>
File: figures/nor/nor_dc_symm.png Graphic file (type png)
<use figures/nor/nor_dc_symm.png>
Package pdftex.def Info: figures/nor/nor_dc_symm.png  used on input line 72.
(pdftex.def)             Requested size: 361.34999pt x 156.98763pt.
[1

{/var/lib/texmf/fonts/map/pdftex/updmap/pdftex.map}] [2]

LaTeX Warning: Reference `fig:nand_layout' on page 3 undefined on input line 77.


LaTeX Warning: Reference `fig:nor_layout' on page 3 undefined on input line 78.

<figures/nand/nand_layout.png, id=22, 373.395pt x 593.21625pt>
File: figures/nand/nand_layout.png Graphic file (type png)
<use figures/nand/nand_layout.png>
Package pdftex.def Info: figures/nand/nand_layout.png  used on input line 81.
(pdftex.def)             Requested size: 216.81pt x 344.44583pt.
<figures/nor/nor_layout.png, id=23, 292.09125pt x 591.71063pt>
File: figures/nor/nor_layout.png Graphic file (type png)
<use figures/nor/nor_layout.png>
Package pdftex.def Info: figures/nor/nor_layout.png  used on input line 86.
(pdftex.def)             Requested size: 180.67499pt x 366.01712pt.

LaTeX Warning: Reference `fig:nand_drc' on page 3 undefined on input line 90.


LaTeX Warning: Reference `fig:nor_drc' on page 3 undefined on input line 90.


LaTeX Warning: Reference `fig:nand_lvs' on page 3 undefined on input line 91.


LaTeX Warning: Reference `fig:nor_lvs' on page 3 undefined on input line 91.

<figures/nand/nand_drc.png, id=24, 767.11594pt x 655.69969pt>
File: figures/nand/nand_drc.png Graphic file (type png)
<use figures/nand/nand_drc.png>
Package pdftex.def Info: figures/nand/nand_drc.png  used on input line 94.
(pdftex.def)             Requested size: 252.94499pt x 216.20148pt.
<figures/nand/nand_lvs.png, id=25, 642.90187pt x 536.0025pt>
File: figures/nand/nand_lvs.png Graphic file (type png)
<use figures/nand/nand_lvs.png>
Package pdftex.def Info: figures/nand/nand_lvs.png  used on input line 99.
(pdftex.def)             Requested size: 252.94499pt x 210.88852pt.
<figures/nor/nor_drc.png, id=26, 767.11594pt x 655.69969pt>
File: figures/nor/nor_drc.png Graphic file (type png)
<use figures/nor/nor_drc.png>
Package pdftex.def Info: figures/nor/nor_drc.png  used on input line 104.
(pdftex.def)             Requested size: 252.94499pt x 216.20148pt.
<figures/nor/nor_lvs.png, id=27, 581.92406pt x 548.80031pt>
File: figures/nor/nor_lvs.png Graphic file (type png)
<use figures/nor/nor_lvs.png>
Package pdftex.def Info: figures/nor/nor_lvs.png  used on input line 109.
(pdftex.def)             Requested size: 252.94499pt x 238.54196pt.
[3 </home/nick/ECEC471/lab_3/figures/nor/nor_sim.PNG> </home/nick/ECEC471/lab_3/figures/nor/nor_tran.PNG>] [4 </home/nick/ECEC471/lab_3/figures/nor/nor_dc_asymm.PNG> </home/nick/ECEC471/lab_3/figures/nor/nor_param.PNG>] [5 </home/nick/ECEC471/lab_3/figures/nor/nor_dc_symm.PNG> </home/nick/ECEC471/lab_3/figures/nand/nand_layout.PNG>] [6 </home/nick/ECEC471/lab_3/figures/nor/nor_layout.PNG> </home/nick/ECEC471/lab_3/figures/nand/nand_drc.PNG>] [7 </home/nick/ECEC471/lab_3/figures/nand/nand_lvs.PNG> </home/nick/ECEC471/lab_3/figures/nor/nor_drc.PNG>] [8 </home/nick/ECEC471/lab_3/figures/nor/nor_lvs.PNG>] [9

] (/home/nick/ECEC471/lab_3/report.aux)

LaTeX Warning: There were undefined references.


LaTeX Warning: Label(s) may have changed. Rerun to get cross-references right.

 ) 
Here is how much of TeX's memory you used:
 3091 strings out of 480478
 43953 string characters out of 5905959
 288181 words of memory out of 5000000
 19106 multiletter control sequences out of 15000+600000
 537675 words of font info for 42 fonts, out of 8000000 for 9000
 1141 hyphenation exceptions out of 8191
 30i,9n,37p,236b,271s stack positions out of 5000i,500n,10000p,200000b,80000s
</usr/share/texmf-dist/fonts/type1/public/amsfonts/cm/cmbx12.pfb></usr/share/texmf-dist/fonts/type1/public/amsfonts/cm/cmmi12.pfb></usr/share/texmf-dist/fonts/type1/public/amsfonts/cm/cmmi8.pfb></usr/share/texmf-dist/fonts/type1/public/amsfonts/cm/cmr12.pfb></usr/share/texmf-dist/fonts/type1/public/amsfonts/cm/cmr17.pfb></usr/share/texmf-dist/fonts/type1/public/amsfonts/cm/cmsy10.pfb></usr/share/texmf-dist/fonts/type1/public/amsfonts/cm/cmtt12.pfb>
Output written on /home/nick/ECEC471/lab_3/report.pdf (9 pages, 353348 bytes).
PDF statistics:
 85 PDF objects out of 1000 (max. 8388607)
 44 compressed objects within 1 object stream
 0 named destinations out of 1000 (max. 500000)
 56 words of extra memory for PDF output out of 10000 (max. 10000000)

