\o Program:		@(#)$CDS: libManager version 6.1.6 - CAT33 07/09/2015 16:04 (sjfnl733) $
\o Sub version:		sub-version  s018 
\o Arguments:		-mpssession virtuoso19743 -mpshost xunil-03.coe.drexel.edu 
\o Working Directory:	xunil-03.coe.drexel.edu:/home/njs82@drexel.edu/ECEC471/NCSU_FreePDK45
\o 64-bit offsets
\o Qt version: 		4.7.2
\o Log file is "/home/njs82@drexel.edu/ECEC471/NCSU_FreePDK45/libManager.log".
\o Opening libManager window.
\a nrSetCurrentWindow(cdsLibManager)
\a nrResizeWindow(cdsLibManager list(278 160 1519 747))
\o changeWorkingDir("/home/njs82@drexel.edu/ECEC471/NCSU_FreePDK45") unnecessary.
\o ddSetForcedLib("") unnecessary.
\o MPS service: map window
\a nrSetCurrentWindow(cdsLibManager)
\o Library Manager customization server connected.
\a cdsLibManager->libListBox->value = "ECEC471_Lib"
\a cdsLibManager->libLineEdit->value = "ECEC471_Lib"
\a cdsLibManager->cellListBox->value = "std_ring_osc"
\a cdsLibManager->cellListBox->value = "std_nor_15"
\a cdsLibManager->cellListBox->value = "std_inv_3.69x"
\a lmgrLogShowPopup("mainListPopup1" 64 83 2 "std_inv_3.69x")
\a cdsLibManager->cellLineEdit->value = "std_inv_3.69x"
\a cdsLibManager->editRenameButton->value = t
\a basicRenameForm->basicRenameFromEdit->value = "std_inv_3.69x"
\a nrSetWindowVisibility(basicRenameForm "show")
\a basicRenameForm->basicRenameToEdit->value = "std_inv_3.69x"
\a nrSetCurrentWindow(basicRenameForm)
\a nrResizeWindow(basicRenameForm list(866 443 343 180))
\a basicRenameForm->basicRenameToEdit->value = "std_inv_3_69x"
\a basicRenameForm->OK->value = t
\o Renaming Cell "std_inv_3.69x" to "std_inv_3_69x" in library "ECEC471_Lib".
\a nrSetWindowVisibility(workingDialogForm "show")
\a nrSetCurrentWindow(workingDialogForm)
\a nrResizeWindow(workingDialogForm list(892 469 290 129))
\a cdsLibManager->cellListBox->value = nil
\a cdsLibManager->cellLineEdit->value = ""
\a nrSetCurrentWindow(cdsLibManager)
\a cdsLibManager->libListBox->value = nil
\a cdsLibManager->libLineEdit->value = ""
\a cdsLibManager->libListBox->value = "ECEC471_Lib"
\a cdsLibManager->libLineEdit->value = "ECEC471_Lib"
\a cdsLibManager->cellListBox->value = "sim_ring_osc"
\a cdsLibManager->viewListBox->value = "schematic"
\a cdsLibManager->viewLineEdit->value = "schematic"
\a cdsLibManager->cellListBox->value = "std_inv_3_69x"
\a cdsLibManager->viewLineEdit->value = ""
\a cdsLibManager->viewListBox->value = nil
\a cdsLibManager->viewListBox->value = "schematic"
\a cdsLibManager->viewLineEdit->value = "schematic"
\a cdsLibManager->cellLineEdit->value = "std_inv_3_69x"
\a cdsLibManager->viewListBox->value = "layout"
\a cdsLibManager->viewLineEdit->value = "layout"
\o MPS request: edit design
\a nrListItemAction(cdsLibManager->gdmXTView 0 0)
\a cdsLibManager->cellListBox->value = "std_inv_13_62x"
\a cdsLibManager->viewLineEdit->value = ""
\a cdsLibManager->viewListBox->value = nil
\a cdsLibManager->viewListBox->value = "layout"
\a cdsLibManager->viewLineEdit->value = "layout"
\a cdsLibManager->cellListBox->value = "std_inv_3_69x"
\a cdsLibManager->viewLineEdit->value = ""
\a cdsLibManager->viewListBox->value = nil
\a cdsLibManager->viewListBox->value = "layout"
\a cdsLibManager->viewLineEdit->value = "layout"
\a cdsLibManager->cellListBox->value = "std_inv_13_62x"
\a cdsLibManager->viewLineEdit->value = ""
\a cdsLibManager->viewListBox->value = nil
\a cdsLibManager->viewListBox->value = "layout"
\a cdsLibManager->viewLineEdit->value = "layout"
\a cdsLibManager->cellLineEdit->value = "std_inv_13_62x"
\a lmgrLogShowPopup("mainListPopup2" 28 9 2 "layout")
\a cdsLibManager->editDeleteButton->value = t
\a deleteForm->deleteBothRadioButton->value = t
\a deleteForm->deleteFilterEdit->value = "*"
\a deleteForm->notDeleteFilterEdit->value = "*"
\a nrSetWindowVisibility(deleteForm "show")
\a nrSetCurrentWindow(deleteForm)
\a nrResizeWindow(deleteForm list(724 321 627 425))
\a deleteForm->OK->value = t
\o QUESTION (CLM-199): The following 1 items are marked for deletion.  Are you sure?
\a nrSetWindowVisibility(mcMBXDLG "show")
\a nrSetCurrentWindow(mcMBXDLG)
\a nrResizeWindow(mcMBXDLG list(843 423 388 237))
\a mcMBXDLG->pushButton1->value = t
\o Deleting view "layout" from cell "std_inv_13_62x" in library "ECEC471_Lib".
\a nrSetWindowVisibility(workingDialogForm "show")
\a nrSetCurrentWindow(deleteForm)
\a nrSetCurrentWindow(cdsLibManager)
\a nrSetCurrentWindow(workingDialogForm)
\o Deleted cellview 'ECEC471_Lib/std_inv_13_62x/layout'.
\o Deletion of 1 view done.
\a nrSetCurrentWindow(cdsLibManager)
\a cdsLibManager->viewListBox->value = nil
\a nrResizeWindow(workingDialogForm list(892 469 290 129))
\a cdsLibManager->libListBox->value = nil
\a cdsLibManager->cellListBox->value = nil
\a cdsLibManager->cellLineEdit->value = ""
\a cdsLibManager->libLineEdit->value = ""
\a cdsLibManager->libListBox->value = "ECEC471_Lib"
\a cdsLibManager->libLineEdit->value = "ECEC471_Lib"
\a cdsLibManager->cellListBox->value = "std_inv_13_62x"
\a cdsLibManager->cellLineEdit->value = "std_inv_13_62x"
\a cdsLibManager->viewLineEdit->value = ""
\a cdsLibManager->cellListBox->value = "std_inv_3_69x"
\a cdsLibManager->viewListBox->value = "layout"
\a cdsLibManager->viewLineEdit->value = "layout"
\a cdsLibManager->cellLineEdit->value = "std_inv_3_69x"
\a lmgrLogShowPopup("mainListPopup2" 47 9 2 "layout")
\a cdsLibManager->copySimpleButton->value = t
\a basicCopyForm->CategoryCellsEdit->value = "*"
\a basicCopyForm->CellsSkipLibraries->value = t
\a basicCopyForm->CellsSkipLibrariesEdit->value = "*"
\a basicCopyForm->CellsSkipLibrariesEdit->value = "*"
\a basicCopyForm->ViewsSkipLibraries->value = t
\a basicCopyForm->ViewsSkipLibrariesEdit->value = "*"
\a basicCopyForm->CopyFromLibrary->value = "ECEC471_Lib"
\a basicCopyForm->CopyToLibrary->value = "ECEC471_Lib"
\a basicCopyForm->CopyFromCell->value = "std_inv_3_69x"
\a basicCopyForm->CopyFromView->value = "layout"
\a basicCopyForm->CopyToCell->value = "std_inv_3_69x"
\a basicCopyForm->CopyToView->value = "layout"
\a basicCopyForm->ViewsViewsToCopy->value = "layout"
\a basicCopyForm->CellsSkipLibrariesEdit->value = ""
\a basicCopyForm->CellsSkipLibrariesEdit->value = "LowPowerOpenCellLibrary NCSU_Devices_FreePDK45 NCSU_TechLib_FreePDK45 NangateOpenCellLibrary OSU_TechLib_FreePDK45 US_8ths analogLib avTech basic cdsDefTechLib"
\a basicCopyForm->ViewsSkipLibrariesEdit->value = "LowPowerOpenCellLibrary NCSU_Devices_FreePDK45 NCSU_TechLib_FreePDK45 NangateOpenCellLibrary OSU_TechLib_FreePDK45 US_8ths analogLib avTech basic cdsDefTechLib"
\a nrSetWindowVisibility(basicCopyForm "show")
\a nrSetCurrentWindow(basicCopyForm)
\a nrResizeWindow(basicCopyForm list(815 213 444 670))
\a basicCopyForm->CopyToCell->value = "std_inv_13_62x"
\a basicCopyForm->OK->value = t
\o Beginning simple copy to library "ECEC471_Lib".
\o Processing files to be copied...
\a nrSetWindowVisibility(workingDialogForm "show")
\a nrSetCurrentWindow(workingDialogForm)
\o ERROR (CLM-173): One or more of the following problems have occurred:\n      1. The source file doesn't exist.\n      2. A destination file will be overwritten.\n      3. A destination file is checked out.\n      4. A destination file is opened for edit.\n      5. A destination file conflicts with another.\n      6. A source OpenAccess cellview master file has zero size.
\a nrSetWindowVisibility(copyProblemsDialog "show")
\a nrSetCurrentWindow(basicCopyForm)
\a nrSetCurrentWindow(copyProblemsDialog)
\a nrResizeWindow(workingDialogForm list(892 469 296 129))
\a nrResizeWindow(copyProblemsDialog list(625 327 825 441))
\a copyProblemsDialog->OK->value = t
\a nrSetCurrentWindow(basicCopyForm)
\a nrSetWindowVisibility(workingDialogForm "show")
\a nrSetCurrentWindow(cdsLibManager)
\a nrSetCurrentWindow(workingDialogForm)
\a nrResizeWindow(workingDialogForm list(889 469 296 129))
\a cdsLibManager->libListBox->value = nil
\a cdsLibManager->cellListBox->value = nil
\a cdsLibManager->viewLineEdit->value = ""
\a cdsLibManager->viewListBox->value = nil
\a cdsLibManager->cellLineEdit->value = ""
\a cdsLibManager->libLineEdit->value = ""
\a cdsLibManager->libListBox->value = "ECEC471_Lib"
\a cdsLibManager->libLineEdit->value = "ECEC471_Lib"
\a cdsLibManager->cellListBox->value = "std_inv_3_69x"
\a cdsLibManager->cellLineEdit->value = "std_inv_3_69x"
\a cdsLibManager->viewListBox->value = "layout"
\a cdsLibManager->viewLineEdit->value = "layout"
\a cdsLibManager->viewLineEdit->value = ""
\a cdsLibManager->viewListBox->value = nil
\a cdsLibManager->viewListBox->value = "layout"
\a cdsLibManager->viewLineEdit->value = "layout"
\a nrSetCurrentWindow(cdsLibManager)
\a basicCopyForm->CellsSkipLibrariesEdit->value = "*"
\a basicCopyForm->CellsSkipLibrariesEdit->value = "LowPowerOpenCellLibrary NCSU_Devices_FreePDK45 NCSU_TechLib_FreePDK45 NangateOpenCellLibrary OSU_TechLib_FreePDK45 US_8ths analogLib avTech basic cdsDefTechLib"
\a nrSetCurrentWindow(cdsLibManager)
\a nrSetCurrentWindow(cdsLibManager)
\a cdsLibManager->cellListBox->value = "std_inv_13_62x"
\a cdsLibManager->viewLineEdit->value = ""
\a cdsLibManager->viewListBox->value = nil
\a cdsLibManager->viewListBox->value = "layout"
\a cdsLibManager->viewLineEdit->value = "layout"
\a cdsLibManager->cellLineEdit->value = "std_inv_13_62x"
\a cdsLibManager->viewListBox->value = nil
\a cdsLibManager->viewListBox->value = "layout"
\o MPS request: edit design
\a nrListItemAction(cdsLibManager->gdmXTView 0 0)
\a nrSetCurrentWindow(cdsLibManager)
\a cdsLibManager->cellListBox->value = "std_inv_chain"
\a cdsLibManager->viewLineEdit->value = ""
\a cdsLibManager->viewListBox->value = nil
\a cdsLibManager->viewListBox->value = "layout"
\a cdsLibManager->viewLineEdit->value = "layout"
\a cdsLibManager->cellListBox->value = nil
\a cdsLibManager->viewLineEdit->value = ""
\a cdsLibManager->viewListBox->value = nil
\a nrListItemAction(cdsLibManager->cellListBox 9 0)
\a cdsLibManager->cellListBox->value = "std_inv_chain"
\a cdsLibManager->viewListBox->value = "layout"
\a cdsLibManager->viewLineEdit->value = "layout"
\a cdsLibManager->viewLineEdit->value = ""
\a cdsLibManager->viewListBox->value = nil
\o MPS request: edit design
\a cdsLibManager->cellLineEdit->value = "std_inv_chain"
\a nrSetCurrentWindow(cdsLibManager)
\a nrSetCurrentWindow(cdsLibManager)
\a cdsLibManager->cellListBox->value = "std_mux_15"
\a cdsLibManager->viewListBox->value = "layout"
\a cdsLibManager->viewLineEdit->value = "layout"
\a cdsLibManager->cellListBox->value = "std_inv_15"
\a cdsLibManager->viewLineEdit->value = ""
\a cdsLibManager->viewListBox->value = nil
\a cdsLibManager->viewListBox->value = "layout"
\a cdsLibManager->viewLineEdit->value = "layout"
\a cdsLibManager->cellListBox->value = "std_inv_13_62x"
\a cdsLibManager->viewLineEdit->value = ""
\a cdsLibManager->viewListBox->value = nil
\a cdsLibManager->viewListBox->value = "layout"
\a cdsLibManager->viewLineEdit->value = "layout"
\a cdsLibManager->cellListBox->value = "std_inv_3_69x"
\a cdsLibManager->viewLineEdit->value = ""
\a cdsLibManager->viewListBox->value = nil
\a cdsLibManager->viewListBox->value = "layout"
\a cdsLibManager->viewLineEdit->value = "layout"
\a nrListItemAction(cdsLibManager->cellListBox 6 0)
\a cdsLibManager->viewLineEdit->value = ""
\a cdsLibManager->viewListBox->value = nil
\o MPS request: edit design
\a cdsLibManager->cellLineEdit->value = "std_inv_3_69x"
\a nrSetCurrentWindow(cdsLibManager)
\a nrSetCurrentWindow(cdsLibManager)
\a nrSetCurrentWindow(cdsLibManager)
\a nrSetCurrentWindow(cdsLibManager)
\a nrSetCurrentWindow(cdsLibManager)
\a cdsLibManager->cellListBox->value = "std_inv_13_62x"
\a cdsLibManager->viewListBox->value = "layout"
\a cdsLibManager->viewLineEdit->value = "layout"
\a cdsLibManager->cellLineEdit->value = "std_inv_13_62x"
\a cdsLibManager->viewListBox->value = nil
\a cdsLibManager->viewListBox->value = "layout"
\o MPS request: edit design
\a nrListItemAction(cdsLibManager->gdmXTView 0 0)
\a nrSetCurrentWindow(cdsLibManager)
\a cdsLibManager->FileNewCVButton->value = t
\a nrSetCurrentWindow(cdsLibManager)
\a cdsLibManager->cellListBox->value = nil
\a cdsLibManager->viewLineEdit->value = ""
\a cdsLibManager->viewListBox->value = nil
\a cdsLibManager->cellListBox->value = "std_inv_13_62x"
\a cdsLibManager->viewListBox->value = "layout"
\a cdsLibManager->viewLineEdit->value = "layout"
\a cdsLibManager->viewLineEdit->value = ""
\a cdsLibManager->viewListBox->value = nil
\a lmgrLogShowPopup("mainListPopup1" 65 99 2 "std_inv_13_62x")
\a cdsLibManager->cellLineEdit->value = "std_inv_13_62x"
\a cdsLibManager->copySimpleButton->value = t
\a basicCopyForm->CellsSkipLibrariesEdit->value = "*"
\a basicCopyForm->ViewsViewsToCopy->value = ""
\a basicCopyForm->ViewsSkipLibrariesEdit->value = "*"
\a basicCopyForm->CopyFromCell->value = ""
\a basicCopyForm->CopyFromView->value = ""
\a basicCopyForm->CopyToCell->value = ""
\a basicCopyForm->CopyToView->value = ""
\a basicCopyForm->CopyFromLibrary->value = ""
\a basicCopyForm->CopyToLibrary->value = ""
\a basicCopyForm->CopyFromLibrary->value = "ECEC471_Lib"
\a basicCopyForm->CopyToLibrary->value = "ECEC471_Lib"
\a basicCopyForm->CopyFromCell->value = "std_inv_13_62x"
\a basicCopyForm->CopyToCell->value = "std_inv_13_62x"
\a basicCopyForm->CellsViewsToCopy->value = "layout schematic symbol"
\a basicCopyForm->CellsSkipLibrariesEdit->value = ""
\a basicCopyForm->CellsSkipLibrariesEdit->value = "LowPowerOpenCellLibrary NCSU_Devices_FreePDK45 NCSU_TechLib_FreePDK45 NangateOpenCellLibrary OSU_TechLib_FreePDK45 US_8ths analogLib avTech basic cdsDefTechLib"
\a basicCopyForm->ViewsSkipLibrariesEdit->value = "LowPowerOpenCellLibrary NCSU_Devices_FreePDK45 NCSU_TechLib_FreePDK45 NangateOpenCellLibrary OSU_TechLib_FreePDK45 US_8ths analogLib avTech basic cdsDefTechLib"
\a nrSetWindowVisibility(basicCopyForm "show")
\a nrSetCurrentWindow(basicCopyForm)
\a nrResizeWindow(basicCopyForm list(815 198 444 670))
\a basicCopyForm->CopyFromCell->value = "std_inv_13_62x_bak"
\a basicCopyForm->CopyFromCell->value = "std_inv_13_62x"
\a basicCopyForm->CopyToCell->value = "std_inv_13_62x_bak"
\a basicCopyForm->OK->value = t
\o Beginning simple copy to library "ECEC471_Lib".
\o Processing files to be copied...
\a nrSetWindowVisibility(workingDialogForm "show")
\a nrSetCurrentWindow(workingDialogForm)
\a nrSetWindowVisibility(workingDialogForm "show")
\a nrSetCurrentWindow(basicCopyForm)
\a nrSetCurrentWindow(cdsLibManager)
\a nrSetCurrentWindow(workingDialogForm)
\a nrResizeWindow(workingDialogForm list(892 498 296 129))
\a cdsLibManager->libListBox->value = nil
\a cdsLibManager->cellListBox->value = nil
\a cdsLibManager->cellLineEdit->value = ""
\a cdsLibManager->libLineEdit->value = ""
\a cdsLibManager->libListBox->value = "ECEC471_Lib"
\a cdsLibManager->libLineEdit->value = "ECEC471_Lib"
\a cdsLibManager->cellListBox->value = "std_inv_13_62x"
\a cdsLibManager->cellLineEdit->value = "std_inv_13_62x"
\a cdsLibManager->viewListBox->value = "layout"
\a cdsLibManager->viewLineEdit->value = "layout"
\a cdsLibManager->viewLineEdit->value = ""
\a cdsLibManager->viewListBox->value = nil
\a cdsLibManager->viewListBox->value = "layout"
\a cdsLibManager->viewLineEdit->value = "layout"
\a cdsLibManager->viewLineEdit->value = ""
\a cdsLibManager->viewListBox->value = nil
\a basicCopyForm->CellsSkipLibrariesEdit->value = "*"
\a basicCopyForm->CellsSkipLibrariesEdit->value = "LowPowerOpenCellLibrary NCSU_Devices_FreePDK45 NCSU_TechLib_FreePDK45 NangateOpenCellLibrary OSU_TechLib_FreePDK45 US_8ths analogLib avTech basic cdsDefTechLib"
\a nrSetCurrentWindow(cdsLibManager)
\a cdsLibManager->viewListBox->value = "layout"
\a cdsLibManager->viewLineEdit->value = "layout"
\a lmgrLogShowPopup("mainListPopup2" 41 5 2 "layout")
\a cdsLibManager->editDeleteButton->value = t
\a nrSetWindowVisibility(deleteForm "show")
\a nrSetCurrentWindow(deleteForm)
\a deleteForm->OK->value = t
\o QUESTION (CLM-199): The following 1 items are marked for deletion.  Are you sure?
\a nrSetWindowVisibility(mcMBXDLG "show")
\a nrSetCurrentWindow(mcMBXDLG)
\a nrResizeWindow(mcMBXDLG list(843 423 388 237))
\a mcMBXDLG->pushButton1->value = t
\o Deleting view "layout" from cell "std_inv_13_62x" in library "ECEC471_Lib".
\a nrSetWindowVisibility(workingDialogForm "show")
\a nrSetCurrentWindow(deleteForm)
\a nrSetCurrentWindow(cdsLibManager)
\o Deleted cellview 'ECEC471_Lib/std_inv_13_62x/layout'.
\o Deletion of 1 view done.
\a nrSetCurrentWindow(workingDialogForm)
\a nrSetCurrentWindow(cdsLibManager)
\a cdsLibManager->viewListBox->value = nil
\a nrResizeWindow(workingDialogForm list(895 498 290 129))
\a cdsLibManager->libListBox->value = nil
\a cdsLibManager->cellListBox->value = nil
\a cdsLibManager->cellLineEdit->value = ""
\a cdsLibManager->libLineEdit->value = ""
\a cdsLibManager->libListBox->value = "ECEC471_Lib"
\a cdsLibManager->libLineEdit->value = "ECEC471_Lib"
\a cdsLibManager->cellListBox->value = "std_inv_13_62x"
\a cdsLibManager->cellLineEdit->value = "std_inv_13_62x"
\a cdsLibManager->viewLineEdit->value = ""
\a cdsLibManager->cellListBox->value = "std_inv_3_69x"
\a cdsLibManager->viewListBox->value = "layout"
\a cdsLibManager->viewLineEdit->value = "layout"
\a cdsLibManager->cellLineEdit->value = "std_inv_3_69x"
\a lmgrLogShowPopup("mainListPopup2" 49 9 2 "layout")
\a cdsLibManager->copySimpleButton->value = t
\a basicCopyForm->CellsSkipLibrariesEdit->value = "*"
\a basicCopyForm->CellsViewsToCopy->value = ""
\a basicCopyForm->ViewsSkipLibrariesEdit->value = "*"
\a basicCopyForm->CopyFromCell->value = ""
\a basicCopyForm->CopyToCell->value = ""
\a basicCopyForm->CopyFromLibrary->value = ""
\a basicCopyForm->CopyToLibrary->value = ""
\a basicCopyForm->CopyFromLibrary->value = "ECEC471_Lib"
\a basicCopyForm->CopyToLibrary->value = "ECEC471_Lib"
\a basicCopyForm->CopyFromCell->value = "std_inv_3_69x"
\a basicCopyForm->CopyFromView->value = "layout"
\a basicCopyForm->CopyToCell->value = "std_inv_3_69x"
\a basicCopyForm->CopyToView->value = "layout"
\a basicCopyForm->ViewsViewsToCopy->value = "layout"
\a basicCopyForm->CellsSkipLibrariesEdit->value = ""
\a basicCopyForm->CellsSkipLibrariesEdit->value = "LowPowerOpenCellLibrary NCSU_Devices_FreePDK45 NCSU_TechLib_FreePDK45 NangateOpenCellLibrary OSU_TechLib_FreePDK45 US_8ths analogLib avTech basic cdsDefTechLib"
\a basicCopyForm->ViewsSkipLibrariesEdit->value = "LowPowerOpenCellLibrary NCSU_Devices_FreePDK45 NCSU_TechLib_FreePDK45 NangateOpenCellLibrary OSU_TechLib_FreePDK45 US_8ths analogLib avTech basic cdsDefTechLib"
\a nrSetWindowVisibility(basicCopyForm "show")
\a nrSetCurrentWindow(basicCopyForm)
\a nrResizeWindow(basicCopyForm list(815 198 444 670))
\a basicCopyForm->CopyToCell->value = "std_inv_13_62x"
\a basicCopyForm->OK->value = t
\o Beginning simple copy to library "ECEC471_Lib".
\o Processing files to be copied...
\a nrSetWindowVisibility(workingDialogForm "show")
\a nrSetCurrentWindow(workingDialogForm)
\a nrSetWindowVisibility(copyProblemsDialog "show")
\a nrSetCurrentWindow(basicCopyForm)
\a nrSetCurrentWindow(copyProblemsDialog)
\a nrResizeWindow(workingDialogForm list(895 498 296 129))
\a nrResizeWindow(copyProblemsDialog list(625 312 825 441))
\a copyProblemsDialog->OK->value = t
\a nrSetCurrentWindow(basicCopyForm)
\a nrSetWindowVisibility(workingDialogForm "show")
\a nrSetCurrentWindow(cdsLibManager)
\a nrSetCurrentWindow(workingDialogForm)
\a nrResizeWindow(workingDialogForm list(889 469 296 129))
\a cdsLibManager->libListBox->value = nil
\a cdsLibManager->cellListBox->value = nil
\a cdsLibManager->viewLineEdit->value = ""
\a cdsLibManager->viewListBox->value = nil
\a cdsLibManager->cellLineEdit->value = ""
\a cdsLibManager->libLineEdit->value = ""
\a cdsLibManager->libListBox->value = "ECEC471_Lib"
\a cdsLibManager->libLineEdit->value = "ECEC471_Lib"
\a cdsLibManager->cellListBox->value = "std_inv_3_69x"
\a cdsLibManager->cellLineEdit->value = "std_inv_3_69x"
\a cdsLibManager->viewListBox->value = "layout"
\a cdsLibManager->viewLineEdit->value = "layout"
\a cdsLibManager->viewLineEdit->value = ""
\a cdsLibManager->viewListBox->value = nil
\a cdsLibManager->viewListBox->value = "layout"
\a cdsLibManager->viewLineEdit->value = "layout"
\a nrSetCurrentWindow(cdsLibManager)
\a basicCopyForm->CellsSkipLibrariesEdit->value = "*"
\a basicCopyForm->CellsSkipLibrariesEdit->value = "LowPowerOpenCellLibrary NCSU_Devices_FreePDK45 NCSU_TechLib_FreePDK45 NangateOpenCellLibrary OSU_TechLib_FreePDK45 US_8ths analogLib avTech basic cdsDefTechLib"
\a cdsLibManager->cellListBox->value = "std_inv_13_62x"
\a cdsLibManager->viewLineEdit->value = ""
\a cdsLibManager->viewListBox->value = nil
\a cdsLibManager->viewListBox->value = "layout"
\a cdsLibManager->viewLineEdit->value = "layout"
\a cdsLibManager->cellLineEdit->value = "std_inv_13_62x"
\a cdsLibManager->viewListBox->value = nil
\a cdsLibManager->viewListBox->value = "layout"
\o MPS request: edit design
\a nrListItemAction(cdsLibManager->gdmXTView 0 0)
\a nrSetCurrentWindow(cdsLibManager)
\a cdsLibManager->cellListBox->value = "std_inv_3_69x"
\a cdsLibManager->viewLineEdit->value = ""
\a cdsLibManager->viewListBox->value = nil
\a cdsLibManager->viewListBox->value = "layout"
\a cdsLibManager->viewLineEdit->value = "layout"
\a cdsLibManager->cellLineEdit->value = "std_inv_3_69x"
\a lmgrLogShowPopup("mainListPopup2" 50 8 2 "layout")
\a cdsLibManager->editDeleteButton->value = t
\a nrSetWindowVisibility(deleteForm "show")
\a nrSetCurrentWindow(deleteForm)
\a deleteForm->OK->value = t
\o QUESTION (CLM-199): The following 1 items are marked for deletion.  Are you sure?
\a nrSetWindowVisibility(mcMBXDLG "show")
\a nrSetCurrentWindow(mcMBXDLG)
\a nrResizeWindow(mcMBXDLG list(843 423 388 237))
\a mcMBXDLG->pushButton1->value = t
\o Deleting view "layout" from cell "std_inv_3_69x" in library "ECEC471_Lib".
\a nrSetWindowVisibility(workingDialogForm "show")
\a nrSetCurrentWindow(deleteForm)
\a nrSetCurrentWindow(cdsLibManager)
\o Deleted cellview 'ECEC471_Lib/std_inv_3_69x/layout'.
\o Deletion of 1 view done.
\a nrSetCurrentWindow(workingDialogForm)
\a nrSetCurrentWindow(cdsLibManager)
\a cdsLibManager->viewListBox->value = nil
\a nrResizeWindow(workingDialogForm list(892 469 290 129))
\a cdsLibManager->libListBox->value = nil
\a cdsLibManager->cellListBox->value = nil
\a cdsLibManager->cellLineEdit->value = ""
\a cdsLibManager->libLineEdit->value = ""
\a cdsLibManager->libListBox->value = "ECEC471_Lib"
\a cdsLibManager->libLineEdit->value = "ECEC471_Lib"
\a cdsLibManager->cellListBox->value = "std_inv_3_69x"
\a cdsLibManager->cellLineEdit->value = "std_inv_3_69x"
\a cdsLibManager->viewLineEdit->value = ""
\a cdsLibManager->cellListBox->value = "std_inv_13_62x_bak"
\a cdsLibManager->viewListBox->value = "layout"
\a cdsLibManager->viewLineEdit->value = "layout"
\a cdsLibManager->cellLineEdit->value = "std_inv_13_62x_bak"
\a lmgrLogShowPopup("mainListPopup2" 64 8 2 "layout")
\a cdsLibManager->copySimpleButton->value = t
\a basicCopyForm->CellsSkipLibrariesEdit->value = "*"
\a basicCopyForm->ViewsViewsToCopy->value = ""
\a basicCopyForm->ViewsSkipLibrariesEdit->value = "*"
\a basicCopyForm->CopyFromCell->value = ""
\a basicCopyForm->CopyFromView->value = ""
\a basicCopyForm->CopyToCell->value = ""
\a basicCopyForm->CopyToView->value = ""
\a basicCopyForm->CopyFromLibrary->value = ""
\a basicCopyForm->CopyToLibrary->value = ""
\a basicCopyForm->CopyFromLibrary->value = "ECEC471_Lib"
\a basicCopyForm->CopyToLibrary->value = "ECEC471_Lib"
\a basicCopyForm->CopyFromCell->value = "std_inv_13_62x_bak"
\a basicCopyForm->CopyFromView->value = "layout"
\a basicCopyForm->CopyToCell->value = "std_inv_13_62x_bak"
\a basicCopyForm->CopyToView->value = "layout"
\a basicCopyForm->ViewsViewsToCopy->value = "layout"
\a basicCopyForm->CellsSkipLibrariesEdit->value = ""
\a basicCopyForm->CellsSkipLibrariesEdit->value = "LowPowerOpenCellLibrary NCSU_Devices_FreePDK45 NCSU_TechLib_FreePDK45 NangateOpenCellLibrary OSU_TechLib_FreePDK45 US_8ths analogLib avTech basic cdsDefTechLib"
\a basicCopyForm->ViewsSkipLibrariesEdit->value = "LowPowerOpenCellLibrary NCSU_Devices_FreePDK45 NCSU_TechLib_FreePDK45 NangateOpenCellLibrary OSU_TechLib_FreePDK45 US_8ths analogLib avTech basic cdsDefTechLib"
\a nrSetWindowVisibility(basicCopyForm "show")
\a nrSetCurrentWindow(basicCopyForm)
\a basicCopyForm->CopyFromCell->value = "std_inv_13_62x_bak"
\a basicCopyForm->CopyToCell->value = "std_inv_3_69x"
\a basicCopyForm->OK->value = t
\o Beginning simple copy to library "ECEC471_Lib".
\o Processing files to be copied...
\a nrSetWindowVisibility(workingDialogForm "show")
\a nrSetCurrentWindow(workingDialogForm)
\a nrSetWindowVisibility(copyProblemsDialog "show")
\a nrSetCurrentWindow(basicCopyForm)
\a nrSetCurrentWindow(copyProblemsDialog)
\a nrResizeWindow(workingDialogForm list(892 469 296 129))
\a nrResizeWindow(copyProblemsDialog list(625 312 825 441))
\a copyProblemsDialog->OK->value = t
\a nrSetCurrentWindow(basicCopyForm)
\a nrSetWindowVisibility(workingDialogForm "show")
\a nrSetCurrentWindow(cdsLibManager)
\a nrSetCurrentWindow(workingDialogForm)
\a nrResizeWindow(workingDialogForm list(889 469 296 129))
\a cdsLibManager->libListBox->value = nil
\a cdsLibManager->cellListBox->value = nil
\a cdsLibManager->viewLineEdit->value = ""
\a cdsLibManager->viewListBox->value = nil
\a cdsLibManager->cellLineEdit->value = ""
\a cdsLibManager->libLineEdit->value = ""
\a cdsLibManager->libListBox->value = "ECEC471_Lib"
\a cdsLibManager->libLineEdit->value = "ECEC471_Lib"
\a cdsLibManager->cellListBox->value = "std_inv_13_62x_bak"
\a cdsLibManager->cellLineEdit->value = "std_inv_13_62x_bak"
\a cdsLibManager->viewListBox->value = "layout"
\a cdsLibManager->viewLineEdit->value = "layout"
\a cdsLibManager->viewLineEdit->value = ""
\a cdsLibManager->viewListBox->value = nil
\a cdsLibManager->viewListBox->value = "layout"
\a cdsLibManager->viewLineEdit->value = "layout"
\a nrSetCurrentWindow(cdsLibManager)
\a basicCopyForm->CellsSkipLibrariesEdit->value = "*"
\a basicCopyForm->CellsSkipLibrariesEdit->value = "LowPowerOpenCellLibrary NCSU_Devices_FreePDK45 NCSU_TechLib_FreePDK45 NangateOpenCellLibrary OSU_TechLib_FreePDK45 US_8ths analogLib avTech basic cdsDefTechLib"
\a cdsLibManager->cellListBox->value = "std_inv_3_69x"
\a cdsLibManager->viewLineEdit->value = ""
\a cdsLibManager->viewListBox->value = nil
\a cdsLibManager->viewListBox->value = "layout"
\a cdsLibManager->viewLineEdit->value = "layout"
\a cdsLibManager->cellLineEdit->value = "std_inv_3_69x"
\a cdsLibManager->viewListBox->value = nil
\a cdsLibManager->viewListBox->value = "layout"
\o MPS request: edit design
\a nrListItemAction(cdsLibManager->gdmXTView 0 0)
\a nrSetCurrentWindow(cdsLibManager)
\a nrSetCurrentWindow(cdsLibManager)
\a cdsLibManager->viewLineEdit->value = ""
\a cdsLibManager->viewListBox->value = nil
\a lmgrLogShowPopup("mainListPopup1" 80 83 2 "std_inv_3_69x")
\a cdsLibManager->cellListBox->value = "std_inv_13_62x"
\a cdsLibManager->viewListBox->value = "layout"
\a cdsLibManager->viewLineEdit->value = "layout"
\a cdsLibManager->cellListBox->value = "std_inv_13_62x_bak"
\a cdsLibManager->viewLineEdit->value = ""
\a cdsLibManager->viewListBox->value = nil
\a cdsLibManager->viewListBox->value = "layout"
\a cdsLibManager->viewLineEdit->value = "layout"
\a cdsLibManager->viewLineEdit->value = ""
\a cdsLibManager->viewListBox->value = nil
\a lmgrLogShowPopup("mainListPopup1" 79 109 2 "std_inv_13_62x_bak")
\a cdsLibManager->cellLineEdit->value = "std_inv_13_62x_bak"
\a cdsLibManager->editDeleteButton->value = t
\a nrSetWindowVisibility(deleteForm "show")
\a nrSetCurrentWindow(deleteForm)
\a deleteForm->OK->value = t
\o QUESTION (CLM-199): The following 1 items are marked for deletion.  Are you sure?
\a nrSetWindowVisibility(mcMBXDLG "show")
\a nrSetCurrentWindow(mcMBXDLG)
\a nrResizeWindow(mcMBXDLG list(843 423 388 284))
\a mcMBXDLG->pushButton1->value = t
\o Deleting cell "std_inv_13_62x_bak" from library "ECEC471_Lib".
\a nrSetWindowVisibility(workingDialogForm "show")
\a nrSetCurrentWindow(deleteForm)
\a nrSetCurrentWindow(cdsLibManager)
\a nrSetCurrentWindow(workingDialogForm)
\o Deleted cell 'ECEC471_Lib/std_inv_13_62x_bak'.
\o Deletion of 1 cell done.
\a nrSetCurrentWindow(cdsLibManager)
\a nrResizeWindow(workingDialogForm list(892 469 290 129))
\a cdsLibManager->cellListBox->value = nil
\a cdsLibManager->libListBox->value = nil
\a cdsLibManager->libLineEdit->value = ""
\a cdsLibManager->libListBox->value = "ECEC471_Lib"
\a cdsLibManager->libLineEdit->value = "ECEC471_Lib"
\a cdsLibManager->cellListBox->value = "std_inv_13_62x"
\a cdsLibManager->viewListBox->value = "layout"
\a cdsLibManager->viewLineEdit->value = "layout"
\a cdsLibManager->cellLineEdit->value = "std_inv_13_62x"
\a lmgrLogShowPopup("mainListPopup2" 56 9 2 "layout")
\a cdsLibManager->copySimpleButton->value = t
\a basicCopyForm->CellsSkipLibrariesEdit->value = "*"
\a basicCopyForm->ViewsViewsToCopy->value = ""
\a basicCopyForm->ViewsSkipLibrariesEdit->value = "*"
\a basicCopyForm->CopyFromCell->value = ""
\a basicCopyForm->CopyFromView->value = ""
\a basicCopyForm->CopyToCell->value = ""
\a basicCopyForm->CopyToView->value = ""
\a basicCopyForm->CopyFromLibrary->value = ""
\a basicCopyForm->CopyToLibrary->value = ""
\a basicCopyForm->CopyFromLibrary->value = "ECEC471_Lib"
\a basicCopyForm->CopyToLibrary->value = "ECEC471_Lib"
\a basicCopyForm->CopyFromCell->value = "std_inv_13_62x"
\a basicCopyForm->CopyFromView->value = "layout"
\a basicCopyForm->CopyToCell->value = "std_inv_13_62x"
\a basicCopyForm->CopyToView->value = "layout"
\a basicCopyForm->ViewsViewsToCopy->value = "layout"
\a basicCopyForm->CellsSkipLibrariesEdit->value = ""
\a basicCopyForm->CellsSkipLibrariesEdit->value = "LowPowerOpenCellLibrary NCSU_Devices_FreePDK45 NCSU_TechLib_FreePDK45 NangateOpenCellLibrary OSU_TechLib_FreePDK45 US_8ths analogLib avTech basic cdsDefTechLib"
\a basicCopyForm->ViewsSkipLibrariesEdit->value = "LowPowerOpenCellLibrary NCSU_Devices_FreePDK45 NCSU_TechLib_FreePDK45 NangateOpenCellLibrary OSU_TechLib_FreePDK45 US_8ths analogLib avTech basic cdsDefTechLib"
\a nrSetWindowVisibility(basicCopyForm "show")
\a nrSetCurrentWindow(basicCopyForm)
\a basicCopyForm->CopyToView->value = "layout_bak"
\a basicCopyForm->Apply->value = t
\o Beginning simple copy to library "ECEC471_Lib".
\o Processing files to be copied...
\a nrSetWindowVisibility(workingDialogForm "show")
\a nrSetCurrentWindow(workingDialogForm)
\a nrSetWindowVisibility(workingDialogForm "show")
\a nrSetCurrentWindow(basicCopyForm)
\a nrSetCurrentWindow(workingDialogForm)
\a nrResizeWindow(workingDialogForm list(889 469 296 129))
\a cdsLibManager->libListBox->value = nil
\a cdsLibManager->cellListBox->value = nil
\a cdsLibManager->viewLineEdit->value = ""
\a cdsLibManager->viewListBox->value = nil
\a cdsLibManager->cellLineEdit->value = ""
\a cdsLibManager->libLineEdit->value = ""
\a cdsLibManager->libListBox->value = "ECEC471_Lib"
\a cdsLibManager->libLineEdit->value = "ECEC471_Lib"
\a cdsLibManager->cellListBox->value = "std_inv_13_62x"
\a cdsLibManager->cellLineEdit->value = "std_inv_13_62x"
\a cdsLibManager->viewListBox->value = "layout"
\a cdsLibManager->viewLineEdit->value = "layout"
\a cdsLibManager->viewLineEdit->value = ""
\a cdsLibManager->viewListBox->value = nil
\a cdsLibManager->viewListBox->value = "layout"
\a cdsLibManager->viewLineEdit->value = "layout"
\a nrSetCurrentWindow(basicCopyForm)
\a basicCopyForm->CellsSkipLibrariesEdit->value = "*"
\a basicCopyForm->CellsSkipLibrariesEdit->value = "LowPowerOpenCellLibrary NCSU_Devices_FreePDK45 NCSU_TechLib_FreePDK45 NangateOpenCellLibrary OSU_TechLib_FreePDK45 US_8ths analogLib avTech basic cdsDefTechLib"
\a basicCopyForm->OK->value = t
\o Beginning simple copy to library "ECEC471_Lib".
\o Processing files to be copied...
\a nrSetWindowVisibility(workingDialogForm "show")
\a nrSetCurrentWindow(workingDialogForm)
\a nrSetWindowVisibility(copyProblemsDialog "show")
\a nrSetCurrentWindow(basicCopyForm)
\a nrSetCurrentWindow(copyProblemsDialog)
\a nrResizeWindow(workingDialogForm list(895 469 296 129))
\a nrResizeWindow(copyProblemsDialog list(625 312 825 441))
\a copyProblemsDialog->Cancel->value = t
\a basicCopyForm->CellsSkipLibrariesEdit->value = "*"
\a basicCopyForm->CellsSkipLibrariesEdit->value = "LowPowerOpenCellLibrary NCSU_Devices_FreePDK45 NCSU_TechLib_FreePDK45 NangateOpenCellLibrary OSU_TechLib_FreePDK45 US_8ths analogLib avTech basic cdsDefTechLib"
\a nrSetCurrentWindow(basicCopyForm)
\a basicCopyForm->Cancel->value = t
\a nrSetCurrentWindow(cdsLibManager)
\a cdsLibManager->cellListBox->value = "std_inv_3_69x"
\a cdsLibManager->viewLineEdit->value = ""
\a cdsLibManager->viewListBox->value = nil
\a cdsLibManager->viewListBox->value = "layout"
\a cdsLibManager->viewLineEdit->value = "layout"
\a cdsLibManager->cellListBox->value = "std_inv_13_62x"
\a cdsLibManager->viewLineEdit->value = ""
\a cdsLibManager->viewListBox->value = nil
\a cdsLibManager->viewListBox->value = "layout"
\a cdsLibManager->viewLineEdit->value = "layout"
\a cdsLibManager->cellListBox->value = "sim_ring_osc"
\a cdsLibManager->viewLineEdit->value = ""
\a cdsLibManager->viewListBox->value = nil
\a cdsLibManager->viewListBox->value = "schematic"
\a cdsLibManager->viewLineEdit->value = "schematic"
\a cdsLibManager->cellListBox->value = "std_inv_3_69x"
\a cdsLibManager->viewLineEdit->value = ""
\a cdsLibManager->viewListBox->value = nil
\a cdsLibManager->viewListBox->value = "schematic"
\a cdsLibManager->viewLineEdit->value = "schematic"
\a cdsLibManager->cellLineEdit->value = "std_inv_3_69x"
\a cdsLibManager->viewListBox->value = "layout"
\a cdsLibManager->viewLineEdit->value = "layout"
\a cdsLibManager->cellListBox->value = nil
\a cdsLibManager->viewLineEdit->value = ""
\a cdsLibManager->viewListBox->value = nil
\a cdsLibManager->cellListBox->value = "std_inv_13_62x"
\a cdsLibManager->viewListBox->value = "layout"
\a cdsLibManager->viewLineEdit->value = "layout"
\a cdsLibManager->cellLineEdit->value = "std_inv_13_62x"
\a nrSetCurrentWindow(cdsLibManager)
\a nrSetCurrentWindow(cdsLibManager)
\a cdsLibManager->viewListBox->value = "layout_bak"
\a cdsLibManager->viewLineEdit->value = "layout_bak"
\a lmgrLogShowPopup("mainListPopup2" 75 18 2 "layout_bak")
\a cdsLibManager->editDeleteButton->value = t
\a nrSetWindowVisibility(deleteForm "show")
\a nrSetCurrentWindow(deleteForm)
\a deleteForm->OK->value = t
\o QUESTION (CLM-199): The following 1 items are marked for deletion.  Are you sure?
\a nrSetWindowVisibility(mcMBXDLG "show")
\a nrSetCurrentWindow(mcMBXDLG)
\a nrResizeWindow(mcMBXDLG list(843 423 388 284))
\a mcMBXDLG->pushButton1->value = t
\o Deleting view "layout_bak" from cell "std_inv_13_62x" in library "ECEC471_Lib".
\a nrSetWindowVisibility(workingDialogForm "show")
\a nrSetCurrentWindow(deleteForm)
\a nrSetCurrentWindow(cdsLibManager)
\a nrSetCurrentWindow(workingDialogForm)
\o Deleted cellview 'ECEC471_Lib/std_inv_13_62x/layout_bak'.
\o Deletion of 1 view done.
\a nrSetCurrentWindow(cdsLibManager)
\a cdsLibManager->viewListBox->value = nil
\a nrResizeWindow(workingDialogForm list(889 469 296 129))
\a cdsLibManager->libListBox->value = nil
\a cdsLibManager->cellListBox->value = nil
\a cdsLibManager->cellLineEdit->value = ""
\a cdsLibManager->libLineEdit->value = ""
\a cdsLibManager->libListBox->value = "ECEC471_Lib"
\a cdsLibManager->libLineEdit->value = "ECEC471_Lib"
\a cdsLibManager->cellListBox->value = "std_inv_13_62x"
\a cdsLibManager->cellLineEdit->value = "std_inv_13_62x"
\a cdsLibManager->viewLineEdit->value = ""
\a cdsLibManager->cellListBox->value = "std_inv_chain"
\a cdsLibManager->cellLineEdit->value = "std_inv_chain"
\a cdsLibManager->viewListBox->value = "layout"
\a cdsLibManager->viewLineEdit->value = "layout"
\a lmgrLogShowPopup("mainListPopup2" 49 25 2 "layout")
\a cdsLibManager->copySimpleButton->value = t
\a basicCopyForm->CellsSkipLibrariesEdit->value = "*"
\a basicCopyForm->ViewsViewsToCopy->value = ""
\a basicCopyForm->ViewsSkipLibrariesEdit->value = "*"
\a basicCopyForm->CopyFromCell->value = ""
\a basicCopyForm->CopyFromView->value = ""
\a basicCopyForm->CopyToCell->value = ""
\a basicCopyForm->CopyToView->value = ""
\a basicCopyForm->CopyFromLibrary->value = ""
\a basicCopyForm->CopyToLibrary->value = ""
\a basicCopyForm->CopyFromLibrary->value = "ECEC471_Lib"
\a basicCopyForm->CopyToLibrary->value = "ECEC471_Lib"
\a basicCopyForm->CopyFromCell->value = "std_inv_chain"
\a basicCopyForm->CopyFromView->value = "layout"
\a basicCopyForm->CopyToCell->value = "std_inv_chain"
\a basicCopyForm->CopyToView->value = "layout"
\a basicCopyForm->ViewsViewsToCopy->value = "layout"
\a basicCopyForm->CellsSkipLibrariesEdit->value = ""
\a basicCopyForm->CellsSkipLibrariesEdit->value = "LowPowerOpenCellLibrary NCSU_Devices_FreePDK45 NCSU_TechLib_FreePDK45 NangateOpenCellLibrary OSU_TechLib_FreePDK45 US_8ths analogLib avTech basic cdsDefTechLib"
\a basicCopyForm->ViewsSkipLibrariesEdit->value = "LowPowerOpenCellLibrary NCSU_Devices_FreePDK45 NCSU_TechLib_FreePDK45 NangateOpenCellLibrary OSU_TechLib_FreePDK45 US_8ths analogLib avTech basic cdsDefTechLib"
\a nrSetWindowVisibility(basicCopyForm "show")
\a nrSetCurrentWindow(basicCopyForm)
\a basicCopyForm->CopyToView->value = "layout_bak"
\a basicCopyForm->OK->value = t
\o Beginning simple copy to library "ECEC471_Lib".
\o Processing files to be copied...
\a nrSetWindowVisibility(workingDialogForm "show")
\a nrSetCurrentWindow(workingDialogForm)
\a nrSetWindowVisibility(workingDialogForm "show")
\a nrSetCurrentWindow(basicCopyForm)
\a nrSetCurrentWindow(cdsLibManager)
\a nrSetCurrentWindow(workingDialogForm)
\a nrResizeWindow(workingDialogForm list(892 498 296 129))
\a cdsLibManager->libListBox->value = nil
\a cdsLibManager->cellListBox->value = nil
\a cdsLibManager->viewLineEdit->value = ""
\a cdsLibManager->viewListBox->value = nil
\a cdsLibManager->cellLineEdit->value = ""
\a cdsLibManager->libLineEdit->value = ""
\a cdsLibManager->libListBox->value = "ECEC471_Lib"
\a cdsLibManager->libLineEdit->value = "ECEC471_Lib"
\a cdsLibManager->cellListBox->value = "std_inv_chain"
\a cdsLibManager->cellLineEdit->value = "std_inv_chain"
\a cdsLibManager->viewListBox->value = "layout"
\a cdsLibManager->viewLineEdit->value = "layout"
\a cdsLibManager->viewLineEdit->value = ""
\a cdsLibManager->viewListBox->value = nil
\a cdsLibManager->viewListBox->value = "layout"
\a cdsLibManager->viewLineEdit->value = "layout"
\a nrSetCurrentWindow(cdsLibManager)
\a basicCopyForm->CellsSkipLibrariesEdit->value = "*"
\a basicCopyForm->CellsSkipLibrariesEdit->value = "LowPowerOpenCellLibrary NCSU_Devices_FreePDK45 NCSU_TechLib_FreePDK45 NangateOpenCellLibrary OSU_TechLib_FreePDK45 US_8ths analogLib avTech basic cdsDefTechLib"
\a nrSetCurrentWindow(cdsLibManager)
\a nrSetCurrentWindow(cdsLibManager)
\a cdsLibManager->cellListBox->value = "sim_inv"
\a cdsLibManager->viewLineEdit->value = ""
\a cdsLibManager->viewListBox->value = nil
\a cdsLibManager->viewListBox->value = "schematic"
\a cdsLibManager->viewLineEdit->value = "schematic"
\a cdsLibManager->cellListBox->value = "std_inv_15"
\a cdsLibManager->viewLineEdit->value = ""
\a cdsLibManager->viewListBox->value = nil
\a cdsLibManager->viewListBox->value = "schematic"
\a cdsLibManager->viewLineEdit->value = "schematic"
\a cdsLibManager->cellLineEdit->value = "std_inv_15"
\a cdsLibManager->viewListBox->value = "layout"
\a cdsLibManager->viewLineEdit->value = "layout"
\o MPS request: edit design
\a nrListItemAction(cdsLibManager->gdmXTView 0 0)
\a nrSetCurrentWindow(cdsLibManager)
\a nrSetCurrentWindow(cdsLibManager)
\a cdsLibManager->cellListBox->value = "std_inv_chain"
\a cdsLibManager->viewLineEdit->value = ""
\a cdsLibManager->viewListBox->value = nil
\a cdsLibManager->viewListBox->value = "layout"
\a cdsLibManager->viewLineEdit->value = "layout"
\a cdsLibManager->cellLineEdit->value = "std_inv_chain"
\a cdsLibManager->viewListBox->value = "layout_bak"
\a cdsLibManager->viewLineEdit->value = "layout_bak"
\a lmgrLogShowPopup("mainListPopup2" 47 34 2 "layout_bak")
\a cdsLibManager->editDeleteButton->value = t
\a nrSetWindowVisibility(deleteForm "show")
\a nrSetCurrentWindow(deleteForm)
\a deleteForm->OK->value = t
\o QUESTION (CLM-199): The following 1 items are marked for deletion.  Are you sure?
\a nrSetWindowVisibility(mcMBXDLG "show")
\a nrSetCurrentWindow(mcMBXDLG)
\a nrResizeWindow(mcMBXDLG list(843 423 388 284))
\a mcMBXDLG->pushButton1->value = t
\o Deleting view "layout_bak" from cell "std_inv_chain" in library "ECEC471_Lib".
\a nrSetWindowVisibility(workingDialogForm "show")
\a nrSetCurrentWindow(deleteForm)
\a nrSetCurrentWindow(cdsLibManager)
\a nrSetCurrentWindow(workingDialogForm)
\o Deleted cellview 'ECEC471_Lib/std_inv_chain/layout_bak'.
\o Deletion of 1 view done.
\a nrSetCurrentWindow(cdsLibManager)
\a cdsLibManager->viewListBox->value = nil
\a nrResizeWindow(workingDialogForm list(895 498 290 129))
\a cdsLibManager->libListBox->value = nil
\a cdsLibManager->cellListBox->value = nil
\a cdsLibManager->cellLineEdit->value = ""
\a cdsLibManager->libLineEdit->value = ""
\a cdsLibManager->libListBox->value = "ECEC471_Lib"
\a cdsLibManager->libLineEdit->value = "ECEC471_Lib"
\a cdsLibManager->cellListBox->value = "std_inv_chain"
\a cdsLibManager->cellLineEdit->value = "std_inv_chain"
\a cdsLibManager->viewListBox->value = "calibre"
\a cdsLibManager->viewLineEdit->value = "calibre"
\a cdsLibManager->viewListBox->value = nil
\a cdsLibManager->viewListBox->value = "calibre"
\o MPS request: edit design
\a nrListItemAction(cdsLibManager->gdmXTView 0 0)
\a nrSetCurrentWindow(cdsLibManager)
\a nrSetCurrentWindow(cdsLibManager)
\a cdsLibManager->viewListBox->value = "schematic"
\a cdsLibManager->viewLineEdit->value = "schematic"
\o MPS request: edit design
\a nrListItemAction(cdsLibManager->gdmXTView 2 0)
\a nrSetCurrentWindow(cdsLibManager)
\a cdsLibManager->cellListBox->value = "std_inv_13_62x"
\a cdsLibManager->viewLineEdit->value = ""
\a cdsLibManager->viewListBox->value = nil
\a cdsLibManager->viewListBox->value = "schematic"
\a cdsLibManager->viewLineEdit->value = "schematic"
\a cdsLibManager->cellListBox->value = "std_inv_3_69x"
\a cdsLibManager->viewLineEdit->value = ""
\a cdsLibManager->viewListBox->value = nil
\a cdsLibManager->viewListBox->value = "schematic"
\a cdsLibManager->viewLineEdit->value = "schematic"
\a cdsLibManager->cellLineEdit->value = "std_inv_3_69x"
\a cdsLibManager->viewListBox->value = "symbol"
\a cdsLibManager->viewLineEdit->value = "symbol"
\a cdsLibManager->viewListBox->value = "schematic"
\a cdsLibManager->viewLineEdit->value = "schematic"
\a cdsLibManager->cellListBox->value = "std_inv_13_62x"
\a cdsLibManager->viewLineEdit->value = ""
\a cdsLibManager->viewListBox->value = nil
\a cdsLibManager->viewListBox->value = "schematic"
\a cdsLibManager->viewLineEdit->value = "schematic"
\a cdsLibManager->cellLineEdit->value = "std_inv_13_62x"
\a cdsLibManager->viewListBox->value = "symbol"
\a cdsLibManager->viewLineEdit->value = "symbol"
\a lmgrLogShowPopup("mainListPopup2" 53 36 2 "symbol")
\a cdsLibManager->cellListBox->value = "std_inv_3_69x"
\a cdsLibManager->viewLineEdit->value = ""
\a cdsLibManager->viewListBox->value = nil
\a cdsLibManager->viewListBox->value = "symbol"
\a cdsLibManager->viewLineEdit->value = "symbol"
\a cdsLibManager->cellLineEdit->value = "std_inv_3_69x"
\a lmgrLogShowPopup("mainListPopup2" 29 36 2 "symbol")
\a cdsLibManager->editDeleteButton->value = t
\a nrSetWindowVisibility(deleteForm "show")
\a nrSetCurrentWindow(deleteForm)
\a deleteForm->OK->value = t
\o QUESTION (CLM-199): The following 1 items are marked for deletion.  Are you sure?
\a nrSetWindowVisibility(mcMBXDLG "show")
\a nrSetCurrentWindow(mcMBXDLG)
\a nrResizeWindow(mcMBXDLG list(843 423 388 237))
\a mcMBXDLG->pushButton1->value = t
\o Deleting view "symbol" from cell "std_inv_3_69x" in library "ECEC471_Lib".
\a nrSetWindowVisibility(workingDialogForm "show")
\a nrSetCurrentWindow(deleteForm)
\a nrSetCurrentWindow(cdsLibManager)
\a nrSetCurrentWindow(workingDialogForm)
\o Deleted cellview 'ECEC471_Lib/std_inv_3_69x/symbol'.
\o Deletion of 1 view done.
\a nrSetCurrentWindow(cdsLibManager)
\a cdsLibManager->viewListBox->value = nil
\a nrResizeWindow(workingDialogForm list(895 498 290 129))
\a cdsLibManager->libListBox->value = nil
\a cdsLibManager->cellListBox->value = nil
\a cdsLibManager->cellLineEdit->value = ""
\a cdsLibManager->libLineEdit->value = ""
\a cdsLibManager->libListBox->value = "ECEC471_Lib"
\a cdsLibManager->libLineEdit->value = "ECEC471_Lib"
\a cdsLibManager->cellListBox->value = "std_inv_3_69x"
\a cdsLibManager->cellLineEdit->value = "std_inv_3_69x"
\a cdsLibManager->viewLineEdit->value = ""
\a cdsLibManager->cellListBox->value = "std_inv_13_62x"
\a cdsLibManager->viewListBox->value = "symbol"
\a cdsLibManager->viewLineEdit->value = "symbol"
\a cdsLibManager->cellLineEdit->value = "std_inv_13_62x"
\a lmgrLogShowPopup("mainListPopup2" 45 33 2 "symbol")
\a cdsLibManager->copySimpleButton->value = t
\a basicCopyForm->CellsSkipLibrariesEdit->value = "*"
\a basicCopyForm->ViewsViewsToCopy->value = ""
\a basicCopyForm->ViewsSkipLibrariesEdit->value = "*"
\a basicCopyForm->CopyFromCell->value = ""
\a basicCopyForm->CopyFromView->value = ""
\a basicCopyForm->CopyToCell->value = ""
\a basicCopyForm->CopyToView->value = ""
\a basicCopyForm->CopyFromLibrary->value = ""
\a basicCopyForm->CopyToLibrary->value = ""
\a basicCopyForm->CopyFromLibrary->value = "ECEC471_Lib"
\a basicCopyForm->CopyToLibrary->value = "ECEC471_Lib"
\a basicCopyForm->CopyFromCell->value = "std_inv_13_62x"
\a basicCopyForm->CopyFromView->value = "symbol"
\a basicCopyForm->CopyToCell->value = "std_inv_13_62x"
\a basicCopyForm->CopyToView->value = "symbol"
\a basicCopyForm->ViewsViewsToCopy->value = "symbol"
\a basicCopyForm->CellsSkipLibrariesEdit->value = ""
\a basicCopyForm->CellsSkipLibrariesEdit->value = "LowPowerOpenCellLibrary NCSU_Devices_FreePDK45 NCSU_TechLib_FreePDK45 NangateOpenCellLibrary OSU_TechLib_FreePDK45 US_8ths analogLib avTech basic cdsDefTechLib"
\a basicCopyForm->ViewsSkipLibrariesEdit->value = "LowPowerOpenCellLibrary NCSU_Devices_FreePDK45 NCSU_TechLib_FreePDK45 NangateOpenCellLibrary OSU_TechLib_FreePDK45 US_8ths analogLib avTech basic cdsDefTechLib"
\a nrSetWindowVisibility(basicCopyForm "show")
\a nrSetCurrentWindow(basicCopyForm)
\a basicCopyForm->CopyFromCell->value = "std_inv_13_62x"
\a nrResizeWindow(basicCopyForm list(500 216 444 670))
\a basicCopyForm->CopyToCell->value = "std_inv_3_69x"
\a basicCopyForm->OK->value = t
\o Beginning simple copy to library "ECEC471_Lib".
\o Processing files to be copied...
\a nrSetWindowVisibility(workingDialogForm "show")
\a nrSetCurrentWindow(workingDialogForm)
\a nrSetWindowVisibility(copyProblemsDialog "show")
\a nrSetCurrentWindow(basicCopyForm)
\a nrSetCurrentWindow(copyProblemsDialog)
\a nrResizeWindow(workingDialogForm list(895 498 296 129))
\a nrResizeWindow(copyProblemsDialog list(310 330 825 441))
\a copyProblemsDialog->OK->value = t
\a nrSetCurrentWindow(basicCopyForm)
\a nrSetWindowVisibility(workingDialogForm "show")
\a nrSetCurrentWindow(cdsLibManager)
\a nrSetCurrentWindow(workingDialogForm)
\a nrResizeWindow(workingDialogForm list(889 469 296 129))
\a cdsLibManager->libListBox->value = nil
\a cdsLibManager->cellListBox->value = nil
\a cdsLibManager->viewLineEdit->value = ""
\a cdsLibManager->viewListBox->value = nil
\a cdsLibManager->cellLineEdit->value = ""
\a cdsLibManager->libLineEdit->value = ""
\a cdsLibManager->libListBox->value = "ECEC471_Lib"
\a cdsLibManager->libLineEdit->value = "ECEC471_Lib"
\a cdsLibManager->cellListBox->value = "std_inv_13_62x"
\a cdsLibManager->cellLineEdit->value = "std_inv_13_62x"
\a cdsLibManager->viewListBox->value = "symbol"
\a cdsLibManager->viewLineEdit->value = "symbol"
\a cdsLibManager->viewLineEdit->value = ""
\a cdsLibManager->viewListBox->value = nil
\a cdsLibManager->viewListBox->value = "symbol"
\a cdsLibManager->viewLineEdit->value = "symbol"
\a nrSetCurrentWindow(cdsLibManager)
\a basicCopyForm->CellsSkipLibrariesEdit->value = "*"
\a basicCopyForm->CellsSkipLibrariesEdit->value = "LowPowerOpenCellLibrary NCSU_Devices_FreePDK45 NCSU_TechLib_FreePDK45 NangateOpenCellLibrary OSU_TechLib_FreePDK45 US_8ths analogLib avTech basic cdsDefTechLib"
\a cdsLibManager->cellListBox->value = "std_inv_3_69x"
\a cdsLibManager->viewLineEdit->value = ""
\a cdsLibManager->viewListBox->value = nil
\a cdsLibManager->viewListBox->value = "symbol"
\a cdsLibManager->viewLineEdit->value = "symbol"
\a cdsLibManager->cellListBox->value = "std_inv_13_62x"
\a cdsLibManager->viewLineEdit->value = ""
\a cdsLibManager->viewListBox->value = nil
\a cdsLibManager->viewListBox->value = "symbol"
\a cdsLibManager->viewLineEdit->value = "symbol"
\a cdsLibManager->cellLineEdit->value = "std_inv_13_62x"
\a nrSetCurrentWindow(cdsLibManager)
\a nrSetCurrentWindow(cdsLibManager)
\a nrSetCurrentWindow(cdsLibManager)
\a nrSetCurrentWindow(cdsLibManager)
\a cdsLibManager->cellListBox->value = "std_inv_chain"
\a cdsLibManager->viewLineEdit->value = ""
\a cdsLibManager->viewListBox->value = nil
\a cdsLibManager->viewListBox->value = "symbol"
\a cdsLibManager->viewLineEdit->value = "symbol"
\a cdsLibManager->cellLineEdit->value = "std_inv_chain"
\a cdsLibManager->viewListBox->value = "calibre"
\a cdsLibManager->viewLineEdit->value = "calibre"
\o MPS request: edit design
\a nrListItemAction(cdsLibManager->gdmXTView 0 0)
\a nrSetCurrentWindow(cdsLibManager)
\a nrSetCurrentWindow(cdsLibManager)
\a cdsLibManager->cellListBox->value = "sim_inv_chain"
\a cdsLibManager->viewLineEdit->value = ""
\a cdsLibManager->viewListBox->value = nil
\a cdsLibManager->viewListBox->value = "schematic"
\a cdsLibManager->viewLineEdit->value = "schematic"
\a cdsLibManager->cellLineEdit->value = "sim_inv_chain"
\a cdsLibManager->viewListBox->value = nil
\a cdsLibManager->viewListBox->value = "schematic"
\o MPS request: edit design
\a nrListItemAction(cdsLibManager->gdmXTView 0 0)
\a nrSetCurrentWindow(cdsLibManager)
\a nrSetCurrentWindow(cdsLibManager)
\a nrSetCurrentWindow(cdsLibManager)
\a nrSetCurrentWindow(cdsLibManager)
\a cdsLibManager->cellListBox->value = "sim_mux"
\a cdsLibManager->viewLineEdit->value = ""
\a cdsLibManager->viewListBox->value = nil
\a cdsLibManager->viewListBox->value = "schematic"
\a cdsLibManager->viewLineEdit->value = "schematic"
\a cdsLibManager->cellListBox->value = "sim_nor"
\a cdsLibManager->viewLineEdit->value = ""
\a cdsLibManager->viewListBox->value = nil
\a cdsLibManager->viewListBox->value = "schematic"
\a cdsLibManager->viewLineEdit->value = "schematic"
\a cdsLibManager->cellListBox->value = "std_inv_15"
\a cdsLibManager->viewLineEdit->value = ""
\a cdsLibManager->viewListBox->value = nil
\a cdsLibManager->viewListBox->value = "schematic"
\a cdsLibManager->viewLineEdit->value = "schematic"
\a cdsLibManager->cellListBox->value = "std_inv_chain"
\a cdsLibManager->viewLineEdit->value = ""
\a cdsLibManager->viewListBox->value = nil
\a cdsLibManager->viewListBox->value = "schematic"
\a cdsLibManager->viewLineEdit->value = "schematic"
\a cdsLibManager->cellLineEdit->value = "std_inv_chain"
\a cdsLibManager->viewListBox->value = "calibre"
\a cdsLibManager->viewLineEdit->value = "calibre"
\a lmgrLogShowPopup("mainListPopup2" 50 8 2 "calibre")
\a cdsLibManager->editDeleteButton->value = t
\a nrSetWindowVisibility(deleteForm "show")
\a nrSetCurrentWindow(deleteForm)
\a deleteForm->OK->value = t
\o QUESTION (CLM-199): The following 1 items are marked for deletion.  Are you sure?
\a nrSetWindowVisibility(mcMBXDLG "show")
\a nrSetCurrentWindow(mcMBXDLG)
\a nrResizeWindow(mcMBXDLG list(843 423 388 255))
\a mcMBXDLG->pushButton1->value = t
\o Deleting view "calibre" from cell "std_inv_chain" in library "ECEC471_Lib".
\a nrSetWindowVisibility(workingDialogForm "show")
\a nrSetCurrentWindow(deleteForm)
\a nrSetCurrentWindow(cdsLibManager)
\a nrSetCurrentWindow(workingDialogForm)
\o Deleted cellview 'ECEC471_Lib/std_inv_chain/calibre'.
\o Deletion of 1 view done.
\a nrSetCurrentWindow(cdsLibManager)
\a cdsLibManager->viewListBox->value = nil
\a nrResizeWindow(workingDialogForm list(895 469 290 129))
\a cdsLibManager->libListBox->value = nil
\a cdsLibManager->cellListBox->value = nil
\a cdsLibManager->cellLineEdit->value = ""
\a cdsLibManager->libLineEdit->value = ""
\a cdsLibManager->libListBox->value = "ECEC471_Lib"
\a cdsLibManager->libLineEdit->value = "ECEC471_Lib"
\a cdsLibManager->cellListBox->value = "std_inv_chain"
\a cdsLibManager->cellLineEdit->value = "std_inv_chain"
\a cdsLibManager->viewLineEdit->value = ""
\a nrSetCurrentWindow(cdsLibManager)
\a cdsLibManager->viewLineEdit->value = ""
\a cdsLibManager->cellListBox->value = nil
\a nrListItemAction(cdsLibManager->cellListBox 9 0)
\a cdsLibManager->cellListBox->value = "std_inv_chain"
\o MPS request: edit design
\a cdsLibManager->cellLineEdit->value = "std_inv_chain"
\a cdsLibManager->libListBox->value = nil
\a cdsLibManager->cellListBox->value = nil
\a cdsLibManager->cellLineEdit->value = ""
\a cdsLibManager->libLineEdit->value = ""
\a cdsLibManager->libListBox->value = "ECEC471_Lib"
\a cdsLibManager->libLineEdit->value = "ECEC471_Lib"
\a cdsLibManager->cellListBox->value = "std_inv_chain"
\a cdsLibManager->cellLineEdit->value = "std_inv_chain"
\a nrSetCurrentWindow(cdsLibManager)
\a cdsLibManager->viewListBox->value = "schematic"
\a cdsLibManager->viewLineEdit->value = "schematic"
\a cdsLibManager->viewListBox->value = "layout"
\a cdsLibManager->viewLineEdit->value = "layout"
\a cdsLibManager->viewListBox->value = "schematic"
\a cdsLibManager->viewLineEdit->value = "schematic"
\a cdsLibManager->cellListBox->value = "sim_inv_chain"
\a cdsLibManager->viewLineEdit->value = ""
\a cdsLibManager->viewListBox->value = nil
\a cdsLibManager->viewListBox->value = "schematic"
\a cdsLibManager->viewLineEdit->value = "schematic"
\a cdsLibManager->cellLineEdit->value = "sim_inv_chain"
\a cdsLibManager->viewListBox->value = nil
\a cdsLibManager->viewListBox->value = "schematic"
\o MPS request: edit design
\a nrListItemAction(cdsLibManager->gdmXTView 0 0)
\a nrSetCurrentWindow(cdsLibManager)
\a cdsLibManager->cellListBox->value = "sim_mux"
\a cdsLibManager->viewLineEdit->value = ""
\a cdsLibManager->viewListBox->value = nil
\a cdsLibManager->viewListBox->value = "schematic"
\a cdsLibManager->viewLineEdit->value = "schematic"
\a cdsLibManager->cellListBox->value = "sim_inv_chain"
\a cdsLibManager->viewLineEdit->value = ""
\a cdsLibManager->viewListBox->value = nil
\a cdsLibManager->viewListBox->value = "schematic"
\a cdsLibManager->viewLineEdit->value = "schematic"
\a cdsLibManager->cellListBox->value = "std_inv_chain"
\a cdsLibManager->viewLineEdit->value = ""
\a cdsLibManager->viewListBox->value = nil
\a cdsLibManager->viewListBox->value = "schematic"
\a cdsLibManager->viewLineEdit->value = "schematic"
\a cdsLibManager->cellLineEdit->value = "std_inv_chain"
\a cdsLibManager->viewListBox->value = "layout"
\a cdsLibManager->viewLineEdit->value = "layout"
\o MPS request: edit design
\a nrListItemAction(cdsLibManager->gdmXTView 0 0)
\a nrSetCurrentWindow(cdsLibManager)
\a nrSetCurrentWindow(cdsLibManager)
\a cdsLibManager->viewListBox->value = "schematic"
\a cdsLibManager->viewLineEdit->value = "schematic"
\a cdsLibManager->cellListBox->value = "std_inv_3_69x"
\a cdsLibManager->viewLineEdit->value = ""
\a cdsLibManager->viewListBox->value = nil
\a cdsLibManager->viewListBox->value = "schematic"
\a cdsLibManager->viewLineEdit->value = "schematic"
\a cdsLibManager->cellListBox->value = "std_inv_chain"
\a cdsLibManager->viewLineEdit->value = ""
\a cdsLibManager->viewListBox->value = nil
\a cdsLibManager->viewListBox->value = "schematic"
\a cdsLibManager->viewLineEdit->value = "schematic"
\a cdsLibManager->cellListBox->value = "sim_mux"
\a cdsLibManager->viewLineEdit->value = ""
\a cdsLibManager->viewListBox->value = nil
\a cdsLibManager->viewListBox->value = "schematic"
\a cdsLibManager->viewLineEdit->value = "schematic"
\a cdsLibManager->cellListBox->value = "sim_inv_chain"
\a cdsLibManager->viewLineEdit->value = ""
\a cdsLibManager->viewListBox->value = nil
\a cdsLibManager->viewListBox->value = "schematic"
\a cdsLibManager->viewLineEdit->value = "schematic"
\a cdsLibManager->cellLineEdit->value = "sim_inv_chain"
\a cdsLibManager->viewListBox->value = nil
\a cdsLibManager->viewListBox->value = "schematic"
\o MPS request: edit design
\a nrListItemAction(cdsLibManager->gdmXTView 0 0)
\a nrSetCurrentWindow(cdsLibManager)
\a cdsLibManager->cellListBox->value = "std_inv_15"
\a cdsLibManager->viewLineEdit->value = ""
\a cdsLibManager->viewListBox->value = nil
\a cdsLibManager->viewListBox->value = "schematic"
\a cdsLibManager->viewLineEdit->value = "schematic"
\a cdsLibManager->cellListBox->value = "std_inv_chain"
\a cdsLibManager->viewLineEdit->value = ""
\a cdsLibManager->viewListBox->value = nil
\a cdsLibManager->viewListBox->value = "schematic"
\a cdsLibManager->viewLineEdit->value = "schematic"
\a cdsLibManager->cellLineEdit->value = "std_inv_chain"
\a cdsLibManager->viewListBox->value = "layout"
\a cdsLibManager->viewLineEdit->value = "layout"
\a cdsLibManager->viewListBox->value = "calibre"
\a cdsLibManager->viewLineEdit->value = "calibre"
\o MPS request: edit design
\a nrListItemAction(cdsLibManager->gdmXTView 0 0)
\a nrSetCurrentWindow(cdsLibManager)
\a nrSetCurrentWindow(cdsLibManager)
\a nrSetCurrentWindow(cdsLibManager)
\a nrSetCurrentWindow(cdsLibManager)
\a cdsLibManager->viewListBox->value = nil
\a cdsLibManager->viewListBox->value = "calibre"
\a lmgrLogShowPopup("mainListPopup2" 64 5 2 "calibre")
\a cdsLibManager->editDeleteButton->value = t
\a nrSetWindowVisibility(deleteForm "show")
\a nrSetCurrentWindow(deleteForm)
\a deleteForm->OK->value = t
\o QUESTION (CLM-199): The following 1 items are marked for deletion.  Are you sure?
\a nrSetWindowVisibility(mcMBXDLG "show")
\a nrSetCurrentWindow(mcMBXDLG)
\a nrResizeWindow(mcMBXDLG list(843 423 388 255))
\a mcMBXDLG->pushButton1->value = t
\o Deleting view "calibre" from cell "std_inv_chain" in library "ECEC471_Lib".
\a nrSetWindowVisibility(workingDialogForm "show")
\a nrSetCurrentWindow(deleteForm)
\a nrSetCurrentWindow(cdsLibManager)
\a nrSetCurrentWindow(workingDialogForm)
\o Deleted cellview 'ECEC471_Lib/std_inv_chain/calibre'.
\o Deletion of 1 view done.
\a nrSetCurrentWindow(cdsLibManager)
\a cdsLibManager->libListBox->value = nil
\a cdsLibManager->cellListBox->value = nil
\a cdsLibManager->viewLineEdit->value = ""
\a cdsLibManager->viewListBox->value = nil
\a cdsLibManager->cellLineEdit->value = ""
\a cdsLibManager->libLineEdit->value = ""
\a cdsLibManager->libListBox->value = "ECEC471_Lib"
\a cdsLibManager->libLineEdit->value = "ECEC471_Lib"
\a cdsLibManager->cellListBox->value = "std_inv_chain"
\a cdsLibManager->cellLineEdit->value = "std_inv_chain"
\a nrResizeWindow(workingDialogForm list(892 469 290 129))
\a cdsLibManager->viewLineEdit->value = ""
\a nrSetCurrentWindow(cdsLibManager)
\a cdsLibManager->viewListBox->value = "layout"
\a cdsLibManager->viewLineEdit->value = "layout"
\o MPS request: edit design
\a nrListItemAction(cdsLibManager->gdmXTView 0 0)
\a nrSetCurrentWindow(cdsLibManager)
\a cdsLibManager->cellListBox->value = "std_inv_15"
\a cdsLibManager->viewLineEdit->value = ""
\a cdsLibManager->viewListBox->value = nil
\a cdsLibManager->viewListBox->value = "layout"
\a cdsLibManager->viewLineEdit->value = "layout"
\a cdsLibManager->cellListBox->value = "std_inv_chain"
\a cdsLibManager->viewLineEdit->value = ""
\a cdsLibManager->viewListBox->value = nil
\a cdsLibManager->viewListBox->value = "layout"
\a cdsLibManager->viewLineEdit->value = "layout"
\a cdsLibManager->cellLineEdit->value = "std_inv_chain"
\a cdsLibManager->viewListBox->value = "calibre"
\a cdsLibManager->viewLineEdit->value = "calibre"
\o MPS request: edit design
\a nrListItemAction(cdsLibManager->gdmXTView 0 0)
\a nrSetCurrentWindow(cdsLibManager)
\a nrSetCurrentWindow(cdsLibManager)
\a cdsLibManager->viewLineEdit->value = "layout"
\a cdsLibManager->viewListBox->value = nil
\a cdsLibManager->viewLineEdit->value = ""
\a nrSetCurrentWindow(cdsLibManager)
\a cdsLibManager->viewLineEdit->value = ""
\a cdsLibManager->cellListBox->value = "std_inv_15"
\a cdsLibManager->cellListBox->value = "std_mux_15"
\a cdsLibManager->cellListBox->value = "std_inv_chain"
\a cdsLibManager->viewListBox->value = "calibre"
\a cdsLibManager->viewLineEdit->value = "calibre"
\a cdsLibManager->cellLineEdit->value = "std_inv_chain"
\a cdsLibManager->viewListBox->value = nil
\a cdsLibManager->viewListBox->value = "calibre"
\o MPS request: edit design
\a nrListItemAction(cdsLibManager->gdmXTView 0 0)
\a nrSetCurrentWindow(cdsLibManager)
\a nrSetCurrentWindow(cdsLibManager)
\a cdsLibManager->cellListBox->value = "std_nor_15"
\a cdsLibManager->viewLineEdit->value = ""
\a cdsLibManager->viewListBox->value = nil
\a cdsLibManager->cellListBox->value = "std_inv_3_69x"
\a cdsLibManager->cellListBox->value = "std_inv_chain"
\a cdsLibManager->viewListBox->value = "calibre"
\a cdsLibManager->viewLineEdit->value = "calibre"
\a cdsLibManager->cellLineEdit->value = "std_inv_chain"
\a lmgrLogShowPopup("mainListPopup2" 41 3 2 "calibre")
\a cdsLibManager->editDeleteButton->value = t
\a nrSetWindowVisibility(deleteForm "show")
\a nrSetCurrentWindow(deleteForm)
\a deleteForm->OK->value = t
\o QUESTION (CLM-199): The following 1 items are marked for deletion.  Are you sure?
\a nrSetWindowVisibility(mcMBXDLG "show")
\a nrSetCurrentWindow(mcMBXDLG)
\a nrResizeWindow(mcMBXDLG list(843 423 388 255))
\a mcMBXDLG->pushButton1->value = t
\o Deleting view "calibre" from cell "std_inv_chain" in library "ECEC471_Lib".
\a nrSetWindowVisibility(workingDialogForm "show")
\a nrSetCurrentWindow(deleteForm)
\a nrSetCurrentWindow(cdsLibManager)
\a nrSetCurrentWindow(workingDialogForm)
\o Deleted cellview 'ECEC471_Lib/std_inv_chain/calibre'.
\o Deletion of 1 view done.
\a nrSetCurrentWindow(cdsLibManager)
\a cdsLibManager->viewListBox->value = nil
\a nrResizeWindow(workingDialogForm list(892 469 290 129))
\a cdsLibManager->libListBox->value = nil
\a cdsLibManager->cellListBox->value = nil
\a cdsLibManager->cellLineEdit->value = ""
\a cdsLibManager->libLineEdit->value = ""
\a cdsLibManager->libListBox->value = "ECEC471_Lib"
\a cdsLibManager->libLineEdit->value = "ECEC471_Lib"
\a cdsLibManager->cellListBox->value = "std_inv_chain"
\a cdsLibManager->cellLineEdit->value = "std_inv_chain"
\a cdsLibManager->viewLineEdit->value = ""
\a nrSetCurrentWindow(cdsLibManager)
\a cdsLibManager->viewLineEdit->value = ""
\a nrSetCurrentWindow(cdsLibManager)
\a cdsLibManager->viewLineEdit->value = ""
\a nrSetCurrentWindow(cdsLibManager)
\a cdsLibManager->viewLineEdit->value = ""
\a nrSetCurrentWindow(cdsLibManager)
\a cdsLibManager->viewLineEdit->value = ""
\a cdsLibManager->cellListBox->value = "std_inv_15"
\a cdsLibManager->cellListBox->value = "std_inv_chain"
\a cdsLibManager->viewListBox->value = "calibre"
\a cdsLibManager->viewLineEdit->value = "calibre"
\a cdsLibManager->cellLineEdit->value = "std_inv_chain"
\a nrSetCurrentWindow(cdsLibManager)
\a cdsLibManager->viewListBox->value = "layout"
\a cdsLibManager->viewLineEdit->value = "layout"
\a cdsLibManager->viewListBox->value = "calibre"
\a cdsLibManager->viewLineEdit->value = "calibre"
\a cdsLibManager->viewListBox->value = nil
\a cdsLibManager->viewListBox->value = "calibre"
\o MPS request: edit design
\a nrListItemAction(cdsLibManager->gdmXTView 0 0)
\a nrSetCurrentWindow(cdsLibManager)
\a nrSetCurrentWindow(cdsLibManager)
\a nrSetCurrentWindow(cdsLibManager)
\a nrSetCurrentWindow(cdsLibManager)
\a nrSetCurrentWindow(cdsLibManager)
\a cdsLibManager->cellListBox->value = "std_inv_13_62x"
\a cdsLibManager->viewLineEdit->value = ""
\a cdsLibManager->viewListBox->value = nil
\a cdsLibManager->cellListBox->value = "std_mux_15"
\a cdsLibManager->cellListBox->value = "std_inv_15"
\a cdsLibManager->cellListBox->value = "std_inv_chain"
\a cdsLibManager->viewListBox->value = "calibre"
\a cdsLibManager->viewLineEdit->value = "calibre"
\a cdsLibManager->cellListBox->value = "std_inv_15"
\a cdsLibManager->viewLineEdit->value = ""
\a cdsLibManager->viewListBox->value = nil
\a cdsLibManager->cellLineEdit->value = "std_inv_15"
\a cdsLibManager->viewListBox->value = "layout"
\a cdsLibManager->viewLineEdit->value = "layout"
\a cdsLibManager->viewListBox->value = nil
\a cdsLibManager->viewListBox->value = "layout"
\o MPS request: edit design
\a nrListItemAction(cdsLibManager->gdmXTView 0 0)
\a nrSetCurrentWindow(cdsLibManager)
\a cdsLibManager->viewLineEdit->value = ""
\a cdsLibManager->viewListBox->value = nil
\a lmgrLogShowPopup("mainListPopup1" 56 112 2 "std_inv_15")
\a cdsLibManager->cellListBox->value = "std_nand_15"
\a cdsLibManager->viewListBox->value = "layout"
\a cdsLibManager->viewLineEdit->value = "layout"
\a cdsLibManager->cellLineEdit->value = "std_nand_15"
\a cdsLibManager->viewListBox->value = nil
\a cdsLibManager->viewListBox->value = "layout"
\o MPS request: edit design
\a nrListItemAction(cdsLibManager->gdmXTView 0 0)
\a nrSetCurrentWindow(cdsLibManager)
\a cdsLibManager->cellListBox->value = "std_mux_15"
\a cdsLibManager->viewLineEdit->value = ""
\a cdsLibManager->viewListBox->value = nil
\a cdsLibManager->viewListBox->value = "layout"
\a cdsLibManager->viewLineEdit->value = "layout"
\a cdsLibManager->cellListBox->value = "std_inv_chain"
\a cdsLibManager->viewLineEdit->value = ""
\a cdsLibManager->viewListBox->value = nil
\a cdsLibManager->viewListBox->value = "layout"
\a cdsLibManager->viewLineEdit->value = "layout"
\a cdsLibManager->cellLineEdit->value = "std_inv_chain"
\a cdsLibManager->viewListBox->value = "calibre"
\a cdsLibManager->viewLineEdit->value = "calibre"
\a nrSetCurrentWindow(cdsLibManager)
\a nrSetCurrentWindow(cdsLibManager)
\a nrSetCurrentWindow(cdsLibManager)
\a cdsLibManager->viewListBox->value = "schematic"
\a cdsLibManager->viewLineEdit->value = "schematic"
\o MPS request: edit design
\a nrListItemAction(cdsLibManager->gdmXTView 2 0)
\a nrSetCurrentWindow(cdsLibManager)
\a nrSetCurrentWindow(cdsLibManager)
\a nrSetCurrentWindow(cdsLibManager)
\a cdsLibManager->cellListBox->value = "std_inv_3_69x"
\a cdsLibManager->viewLineEdit->value = ""
\a cdsLibManager->viewListBox->value = nil
\a cdsLibManager->viewListBox->value = "schematic"
\a cdsLibManager->viewLineEdit->value = "schematic"
\a cdsLibManager->cellListBox->value = "std_mux_15"
\a cdsLibManager->viewLineEdit->value = ""
\a cdsLibManager->viewListBox->value = nil
\a cdsLibManager->viewListBox->value = "schematic"
\a cdsLibManager->viewLineEdit->value = "schematic"
\a cdsLibManager->cellListBox->value = "std_inv_chain"
\a cdsLibManager->viewLineEdit->value = ""
\a cdsLibManager->viewListBox->value = nil
\a cdsLibManager->viewListBox->value = "schematic"
\a cdsLibManager->viewLineEdit->value = "schematic"
\a cdsLibManager->cellLineEdit->value = "std_inv_chain"
\a cdsLibManager->viewListBox->value = "calibre"
\a cdsLibManager->viewLineEdit->value = "calibre"
\o MPS request: edit design
\a nrListItemAction(cdsLibManager->gdmXTView 0 0)
\a nrSetCurrentWindow(cdsLibManager)
\a nrSetCurrentWindow(cdsLibManager)
\a cdsLibManager->viewLineEdit->value = "layout"
\a cdsLibManager->viewListBox->value = nil
\a cdsLibManager->viewLineEdit->value = ""
\a nrSetCurrentWindow(cdsLibManager)
\a cdsLibManager->viewLineEdit->value = ""
\a cdsLibManager->cellListBox->value = "std_nand_15"
\a cdsLibManager->cellListBox->value = "std_mux_15"
\a cdsLibManager->cellListBox->value = "std_inv_chain"
\a cdsLibManager->viewListBox->value = "calibre"
\a cdsLibManager->viewLineEdit->value = "calibre"
\a cdsLibManager->cellLineEdit->value = "std_inv_chain"
\a cdsLibManager->viewListBox->value = nil
\a cdsLibManager->viewListBox->value = "calibre"
\o MPS request: edit design
\a nrListItemAction(cdsLibManager->gdmXTView 0 0)
\a nrSetCurrentWindow(cdsLibManager)
\a nrSetCurrentWindow(cdsLibManager)
\a cdsLibManager->cellListBox->value = "sim_inv_chain"
\a cdsLibManager->viewLineEdit->value = ""
\a cdsLibManager->viewListBox->value = nil
\a cdsLibManager->viewListBox->value = "schematic"
\a cdsLibManager->viewLineEdit->value = "schematic"
\a cdsLibManager->cellLineEdit->value = "sim_inv_chain"
\a cdsLibManager->viewListBox->value = nil
\a cdsLibManager->viewListBox->value = "schematic"
\o MPS request: edit design
\a nrListItemAction(cdsLibManager->gdmXTView 0 0)
\a nrSetCurrentWindow(cdsLibManager)
\a cdsLibManager->cellListBox->value = "std_inv_chain"
\a cdsLibManager->viewLineEdit->value = ""
\a cdsLibManager->viewListBox->value = nil
\a cdsLibManager->viewListBox->value = "schematic"
\a cdsLibManager->viewLineEdit->value = "schematic"
\a cdsLibManager->cellLineEdit->value = "std_inv_chain"
\a cdsLibManager->viewListBox->value = nil
\a cdsLibManager->viewListBox->value = "schematic"
\o MPS request: edit design
\a nrListItemAction(cdsLibManager->gdmXTView 2 0)
\a nrSetCurrentWindow(cdsLibManager)
\a cdsLibManager->viewListBox->value = "calibre"
\a cdsLibManager->viewLineEdit->value = "calibre"
\a lmgrLogShowPopup("mainListPopup2" 53 11 2 "calibre")
\a cdsLibManager->editDeleteButton->value = t
\a nrSetWindowVisibility(deleteForm "show")
\a nrSetCurrentWindow(deleteForm)
\a deleteForm->OK->value = t
\o QUESTION (CLM-199): The following 1 items are marked for deletion.  Are you sure?
\a nrSetWindowVisibility(mcMBXDLG "show")
\a nrSetCurrentWindow(mcMBXDLG)
\a nrResizeWindow(mcMBXDLG list(843 423 388 255))
\a mcMBXDLG->pushButton1->value = t
\o Deleting view "calibre" from cell "std_inv_chain" in library "ECEC471_Lib".
\a nrSetWindowVisibility(workingDialogForm "show")
\a nrSetCurrentWindow(deleteForm)
\a nrSetCurrentWindow(cdsLibManager)
\a nrSetCurrentWindow(workingDialogForm)
\o Deleted cellview 'ECEC471_Lib/std_inv_chain/calibre'.
\o Deletion of 1 view done.
\a nrSetCurrentWindow(cdsLibManager)
\a cdsLibManager->viewListBox->value = nil
\a nrResizeWindow(workingDialogForm list(892 469 290 129))
\a cdsLibManager->libListBox->value = nil
\a cdsLibManager->cellListBox->value = nil
\a cdsLibManager->cellLineEdit->value = ""
\a cdsLibManager->libLineEdit->value = ""
\a cdsLibManager->libListBox->value = "ECEC471_Lib"
\a cdsLibManager->libLineEdit->value = "ECEC471_Lib"
\a cdsLibManager->cellListBox->value = "std_inv_chain"
\a cdsLibManager->cellLineEdit->value = "std_inv_chain"
\a cdsLibManager->viewLineEdit->value = ""
\a nrSetCurrentWindow(cdsLibManager)
\a cdsLibManager->viewLineEdit->value = ""
\a cdsLibManager->cellListBox->value = "std_inv_15"
\a cdsLibManager->cellListBox->value = nil
\a cdsLibManager->cellListBox->value = "std_inv_chain"
\a cdsLibManager->viewListBox->value = "calibre"
\a cdsLibManager->viewLineEdit->value = "calibre"
\a cdsLibManager->cellLineEdit->value = "std_inv_chain"
\a cdsLibManager->viewListBox->value = nil
\a cdsLibManager->viewListBox->value = "calibre"
\o MPS request: edit design
\a nrListItemAction(cdsLibManager->gdmXTView 0 0)
\a nrSetCurrentWindow(cdsLibManager)
